2290610
1920966
1267108
589441
3136485
5054135
4459099
3414183
6510510
6847097
3664369
4632776
8163383
8046565
8996848
9423833
9460338
6257246
1851966
9972570
1956571
8608756
5604055
4105678
8598864
1082109
4773550
7636500
4158451
9267364
172056
1676741
8826700
3328808
2614968
8959926
1562811
2744604
459113
78893
9289170
380216
822345
146264
5683981
7221280
2250245
3831008
8702479
7860570
8720211
6000111
9428653
6989997
4154727
1702219
61644
733204
524154
2276790
5198581
5864567
5657038
9670441
5793726
9649771
3075707
3211115
7738648
3221424
1601500
8155738
8687473
9736288
7722865
3219830
5093660
2871091
6417786
1355974
2260580
1979906
3427844
9516306
148525
3092527
3083956
5662594
6618317
3171295
4404372
5432712
3400334
2110448
5075608
3597283
2312399
8961047
8370046
2614049
