2290610
1920966
1267108
589441
3136485
5054135
4459099
3414183
6510510
6847097
3664369
4632776
8163383
8046565
8996848
9423833
9460338
6257246
1851966
9972570
1956571
8608756
5604055
4105678
8598864
1082109
4773550
7636500
4158451
9267364
172056
1676741
8826700
3328808
2614968
8959926
1562811
2744604
459113
78893
9289170
380216
822345
146264
5683981
7221280
2250245
3831008
8702479
7860570
8720211
6000111
9428653
6989997
4154727
1702219
61644
733204
524154
2276790
5198581
5864567
5657038
9670441
5793726
9649771
3075707
3211115
7738648
3221424
1601500
8155738
8687473
9736288
7722865
3219830
5093660
2871091
6417786
1355974
2260580
1979906
3427844
9516306
148525
3092527
3083956
5662594
6618317
3171295
4404372
5432712
3400334
2110448
5075608
3597283
2312399
8961047
8370046
2614049
4847141
7055482
4364191
9485608
5226510
6004530
844943
3930035
9177131
6019260
4904490
3171680
94994
3398132
6835923
7944999
3803129
2201360
8990730
8478225
8903791
650859
3716732
92577
3711282
6342229
3362723
3829372
3127796
9288752
8147228
5321135
579044
8646018
3007894
3478842
5526359
7855610
5470764
1907482
6166430
4219507
3232028
9124120
8048766
5552036
2186943
6380609
1595836
6688076
4760992
3337576
7294082
8045815
817694
5053775
4809558
3096932
2387650
8208393
7924846
90163
1767792
8532457
8230441
9465566
4992655
4864555
7451655
3502394
8626660
1747284
7449960
435712
3644746
2132046
2885784
5784086
1766509
3555236
9629324
8337785
4925614
5488764
899539
4204808
62537
6759019
7223052
6698108
8626392
683611
8339135
2525022
2094159
1513668
8620773
718945
2527243
9916535
9202472
2699768
6281905
2521081
2351852
2585675
2098491
2313251
7524240
1883264
4072837
3157322
5608759
2590156
9651181
4578731
3003383
5845556
1508054
7734151
1018927
8006637
5716927
2176437
7663023
3515897
2289041
6465431
7831180
416322
5251333
6155688
7350514
3783512
9805317
6390634
4981633
8748943
2632254
5837418
1465393
4914957
6494058
5501878
3865295
9694506
2363585
2968979
7945557
8988263
6373066
6627510
8063445
9335580
6897251
8671547
8247073
8597611
621645
2244429
5763160
9860328
9050512
529060
8820627
748246
6679673
1322966
8154210
3038695
4122631
3505518
1417666
3339919
8493340
4552276
3699887
7778955
6004435
5027867
4451885
2928092
9256742
4850858
3852108
2529095
2326247
1534578
1596786
8555729
8281705
5935937
517529
4547249
6004093
1065414
1817611
5364434
473941
2907079
9380167
7137690
4421083
4055787
7116033
3422289
301817
5293599
6047412
2833639
2920281
2399472
408553
1746699
2114734
4821881
3910108
5205424
6287354
5056372
6164662
4854110
5201318
7277950
3593710
4482269
465742
7007371
698357
9334449
5073322
272228
3926369
2498286
6874024
7196253
7336732
926674
2119336
6457559
3461106
607991
3384641
249010
4081893
8362831
4993126
4808235
9763089
163931
9275057
6223793
7837560
8851520
8884595
936887
909316
8908776
6276919
2420115
9789287
1487702
8167098
1107753
9946885
8206507
4225710
1363835
1107289
9104293
8823014
3598968
8417314
5422078
7752854
9484823
6783480
6121988
8520194
5373170
9478228
2956212
9964184
1717101
8119379
9807308
1245125
1634842
4640061
451741
113130
8276655
1149112
5014839
8994307
784482
684224
9510185
4903944
1209994
9111848
7968187
5183606
7523783
4940548
892004
7249734
9956923
1980554
2925148
3155981
2422706
7775624
2621259
2062020
7133889
5009048
6676147
8451251
7128409
879975
3675147
5962991
8019659
1276901
9740989
5347216
577690
8740872
2011158
6688598
9812956
291823
9857486
6589688
3068706
8548864
7569378
8390045
9632104
5851734
2896547
199676
1854381
709994
584696
1043228
3439587
1573828
8691834
8779157
4039062
8121935
3053484
5740107
1599841
1765463
4438084
4832613
9991625
7421157
6521534
2762939
616492
8641852
6290742
279655
3232346
9519544
2494840
6031780
4745615
4288065
590532
9554818
807549
9922694
2722069
5767592
5644519
7217930
9740151
3473771
1535107
1558504
5357314
1027762
2990918
8900037
4176239
5390914
8185593
4143420
9584011
5147775
4095264
5201076
1108326
2081520
3657953
4475098
5665652
62261
5929393
1339361
2737470
9252304
515254
1464042
9586204
9980558
8707535
6646442
1520797
5617477
7865181
8203092
1452888
956418
6181123
7202305
7714192
73078
9501607
922490
4656270
518411
4146731
239716
4903886
3660543
2467700
1289574
8417351
717049
5316862
4105872
2528723
1731210
5757658
4185958
9798623
8696604
5666195
1524570
498372
2006640
4743331
7831416
2515830
1214036
4641284
1919704
9928808
1075335
8093600
6922490
8959422
3404412
9209616
640975
5744862
5274656
448538
2315181
8719461
7531659
9624292
9075258
1440678
1877432
5917031
2704914
1605027
4465408
2993520
9832190
3642429
3035947
4585644
4743285
5658887
9189197
9269469
5460063
4283651
8031727
6658196
8079935
990518
1772192
3108941
7478244
1182075
9037712
6589614
929226
8385277
6926099
4208721
4904875
3597853
1820124
2634311
9935202
7594839
8520838
8181307
7913715
7956590
5590555
5598443
5344690
3973736
247046
9812183
2771541
336606
5564467
4267048
8797161
3699129
9990399
627622
8787628
6548366
7690539
3971240
6401360
7195699
3422215
3102441
6649378
7675052
7485969
9067219
4192507
7584809
1812751
4550001
223274
8796722
3946056
9718043
6550211
5986852
138046
4762141
667890
1286576
5092097
8300740
706050
8327978
4178125
2804619
2535777
4546310
3879812
1005443
2081143
8937141
9493849
24044
6433630
1338589
1911243
5749937
5867798
4666686
921604
8285137
1765201
1978171
3676254
8402078
5729
9529451
8539536
4732591
6099018
6559234
5895476
5484241
3502083
3917644
4935925
6959665
4783035
1124979
4944735
3028057
1905914
4353491
9049810
5366034
5570931
3226577
311707
8054356
8671529
9418942
3855879
2700336
8229839
4672070
3568750
1272377
7131464
5021477
8730115
4308209
8366874
4431843
441565
7023937
2848691
7475320
2459642
6444538
8041898
2645781
8211533
9242394
228981
6012142
9549660
4158997
3126552
7468271
1910300
252876
448154
7282574
732320
4726874
8824656
90699
548347
2609414
9985308
3169667
8396831
7372551
286641
9697130
8965033
2846213
351930
9807642
9037056
5120914
4830787
9337350
1795763
14468
9968114
84079
7752306
12337
5926589
5742483
3522652
1182778
8560951
4100952
4338981
8629800
6800672
961912
2608259
698318
2946489
2079672
6575179
912068
3293242
1366234
8307676
9937600
605464
2017572
3927337
1564766
1423133
39506
5912430
9519786
4074360
38037
4097412
31573
5012121
1875052
9900404
6512151
4847165
4823744
5581088
1950631
2674202
6792625
4749141
5026437
219531
8782238
1721923
2296686
1493156
5410705
15642
9786492
305857
7665351
5623314
7997339
6791771
3236274
9693922
8741700
5321167
7248713
719621
5712199
3538689
3975384
5832346
2607385
5143459
374892
8809718
8676598
5143906
9921369
2925924
6332480
4158537
173455
5920715
5036949
9661557
7543575
2694474
9926418
4438182
5593510
6496552
8942680
1748655
9377970
8515752
3821322
9413817
3519042
8095584
4810107
1121080
9112043
5003365
7002229
8381673
7684658
2033276
4636460
4703158
5359903
1002470
4507204
9411781
8369067
220544
8017718
184749
1039485
3621966
4580874
4531945
8415944
4825252
4611731
3279873
9492339
6830118
4758998
6419177
516543
5323812
9188570
9623433
5527420
611203
468405
254908
7885731
7011805
122882
4947722
9423888
5714028
9345682
7886613
5472841
6106981
3208441
3947929
4593878
4618826
9409727
3987313
1671050
9204949
4012986
9075986
5084769
1507270
9467352
5515759
1123716
9037329
3641794
5394645
7391449
2741030
5687790
6453912
7673392
4234091
4741368
6578744
2152630
4637520
9151112
9534676
2759002
8106249
6849981
168251
5221253
7177159
5357177
5471663
8638928
342035
2789712
7257677
4327560
684694
8175884
8064094
7702511
5949148
695020
2949097
7094398
7497830
7526159
473779
8829747
7777589
9485767
9101055
8517878
2169621
2190214
3957436
9268730
2522095
9118004
173212
1192482
1846754
6601275
5386438
5822640
5230090
783728
6296704
9538251
3124105
3187137
3997417
2272853
4030553
6381204
5092699
78712
2896601
9908491
990967
912022
5051161
1040332
5216784
3421690
8512663
6000162
7832021
4820721
7305488
7262937
124342
11188
6879192
7605016
404316
4093537
8709019
4325753
132176
947022
3076258
8984425
6532668
3605236
7322193
1994248
4494229
7209929
6510360
4295831
3810624
2104916
6420624
3308347
2914293
5483357
6668349
9547103
3157384
2435804
8057112
7226482
7686212
6429191
1129760
4268984
1076699
500647
7407015
8252309
3482139
1753150
5653560
7691118
201799
6227373
9377995
6818798
1702005
9686650
9875972
4763730
3384225
3237021
9717113
1167314
252410
4615394
2439278
3236222
1320761
5175630
5162689
8734693
7640752
5501006
6217181
4185565
7511500
5744121
1065324
2649192
2350468
9470524
7710510
4881501
7203402
6344912
341882
6836602
4605854
1489574
4657778
4682228
8897526
9961303
4628252
1450707
7839986
8388587
2438284
1773379
7984455
2395413
7061102
8867622
1446884
5677417
2941156
994720
2121257
2312749
6245823
9321503
4729083
8562235
9231940
743180
7074642
9676214
2657305
4409439
4344402
4369599
5569051
9997416
9928827
8099644
1972147
6156279
4010762
2186115
5105586
4878300
3792932
410745
4645336
9105516
5745465
6938101
6957716
7841322
4441553
8285535
7421418
2990245
6495463
9364214
229071
1591066
4683506
6201193
409596
3938595
2657675
374981
5051249
4114548
6677549
7151451
2854179
2880943
7693543
8146717
9733751
849339
5900216
2578464
1796229
851589
4809543
8963322
8712390
4934054
3019744
1797330
449245
2215475
7505489
8297946
8143387
6732914
1541366
6824220
7301120
8500916
5685011
6917555
4711092
9382729
9763123
6966322
2706619
7482208
3977694
7896938
8500472
7979800
5317618
3791589
7049042
4431347
1939925
4344686
2631186
6205874
9374010
1168535
3426692
5046026
2881584
4372233
758311
5686421
5435849
6951086
8259248
2461417
9208282
9378025
8515447
181148
4594192
2580776
5211054
3966177
7373938
4072424
6509154
8825816
5081756
4388317
1392829
6568481
4806060
1834955
569378
76034
9022711
5698863
9930226
4395790
4496177
6974034
9618706
747892
3384028
1980033
9677142
5062453
340438
6250310
2744022
2606892
5308125
2219051
1103619
6602115
7770476
5628292
4837318
2325797
4242903
8475082
7202633
1337319
9732233
4636931
4518114
9313667
4584057
2125162
9637039
8146559
7650473
9948355
8958177
9912470
2905914
9706841
3287352
9989455
659349
1824954
7699883
5764306
3280843
3457953
6863049
9263570
4084414
1938552
1592808
8771439
2673639
1663674
3304486
9591843
9929069
8731395
3568828
5002942
5946090
1743305
1329501
8977436
7948536
6967207
5134193
5145922
6618273
4643984
8668220
5913226
5786976
1411599
6177768
9655930
5206959
2555782
8281543
6996063
608500
684598
5977826
2630295
1697822
3222427
1173225
1871270
2670354
6244109
135477
9609767
2506982
3194137
3282431
8920798
3366689
3187627
1571020
1007993
5148747
9253842
9383107
3008804
6413840
4100522
3690231
4674987
5750229
1945309
3918435
4811340
1053183
4532755
360764
8219905
5539861
7641465
7263115
9782188
415168
8851889
434571
4150069
2485640
5913489
6033174
3644834
6518223
8198762
4210463
8627320
3370289
7095983
7752423
450881
5768811
8063233
5451585
7699441
9764318
890816
3436680
8708179
5283977
1600902
5355854
3233497
8594315
612007
6471298
857264
875323
6227730
4223039
4459627
4302628
9246251
2534499
1462636
2113418
5258011
2470425
27909
4955915
2888498
3258474
9885789
8534210
3392135
5119662
9787611
9083874
4309211
5822158
3919775
3754134
4714136
2910637
5117240
3515796
4419743
1734035
1890507
1028126
4524998
8793888
1565473
5031402
2224511
690298
2067856
4614875
1816234
711277
7807175
253760
4483410
9583122
9880046
6206220
7479247
295387
475358
8885918
4755188
2485782
5387670
4632645
4449522
2401235
5299070
5129184
7752269
4755780
5749099
74442
9900687
2229681
1158853
919849
9009754
3274110
9996927
1088169
6332023
5210039
5165543
2482456
1756133
5278254
6345472
3900611
7933991
9780163
3674819
8621547
2570462
248424
5462254
8627532
969887
4735439
6269067
5160158
4920577
2871050
6661785
6342080
2077733
913836
7169750
4982154
4999124
230448
7817842
4247803
6375032
1642374
1287613
7246817
7409005
3069067
3940851
3603780
8040037
7591071
174718
2517946
9197062
9208649
3829835
6504472
9646686
9463612
6511409
2786039
9494621
7039120
8983827
3134485
2946394
6299722
4442970
6660960
8595748
8358944
4045500
698484
3018375
8072397
7074887
373834
4688875
2790164
3450176
8869095
9751217
8733875
1742233
4650718
8654687
493269
4666256
4300720
5471930
9897401
8287871
6006945
7352935
5971524
4438521
8524744
5204694
5937580
5515795
8559862
3643125
3381305
783613
9371703
6520080
8450294
6230061
9068993
7018759
2954463
137439
5958566
9226499
1733850
1826424
3586518
2182122
8890700
6017089
1234356
1259173
1236262
3272904
8837257
4146319
1392370
2835272
4094905
6037927
3759253
6497187
5246192
7523574
9391076
6093172
5157635
8293614
1617754
6692873
1392891
4543551
5954917
8077996
6429813
9904016
2924413
7863228
1596011
1042724
5367142
6404380
5308829
4633562
6701802
1040263
9317399
2175583
9431466
1264239
7620609
837219
4620721
7048571
9124135
9920748
686230
6087486
2732350
4167459
821211
7427520
9058177
2589805
1899051
5466485
6168358
8114173
7493575
182013
3437130
2493960
4465559
3659970
1612832
8810952
6679926
5401205
3345933
1683358
3150261
6767539
4701033
1957164
8102464
9466163
8378143
7246207
984550
1753767
5580332
3933764
8732907
5561633
8546800
7039574
6076304
5901315
5865222
6231802
2288199
2513696
9708658
3921016
1587484
985360
8315473
2166086
5870803
3594249
9331957
1559967
1200599
7487008
4334147
7512513
6567620
1864875
1986675
7730055
5021844
5501293
5212313
2186047
2979756
8876820
5547566
1618309
5058187
645710
7939841
8367384
5376071
9100422
9774111
134467
5157627
5238159
5356771
1589826
3446638
3326490
8667832
4463362
7616281
7288536
3437282
5213928
2477971
463772
6806235
2175643
7532957
2436127
5578422
5445968
7180030
8650765
7714017
2096832
6431262
6865321
4908289
3597341
7365788
3406808
9255948
8832002
8671301
2445077
833457
4635462
1217267
2666492
7022202
1353113
7737445
8862953
5313012
6242800
9967729
5973100
1725735
5378326
4615605
1362395
7676645
579159
2487851
7850895
742615
2407358
7162916
6842397
4196813
1733377
9484456
3432750
7100077
9224225
7624661
5541495
80088
5454070
4803551
7788726
1453345
438476
5267755
303486
7060350
4165126
5675145
9082869
3891162
3208293
2477017
510134
9356595
9500124
4645499
9679603
2771239
7673587
5599963
3166522
4400689
6630895
3413197
8627785
7210686
8824506
6327748
9337582
2445479
9518942
2818594
3569582
8342819
5540510
5464401
159773
931248
3884454
3831920
53004
2000566
357449
8563390
2989697
5318597
5166189
1543531
1471043
2097998
9154855
2100052
4901908
7988381
2036465
7880477
3407028
9655382
3402900
9600357
7710991
764440
2139071
9056766
2034939
7149439
8868259
9460920
5968443
4632424
5633887
610439
7405056
1669349
3750369
72156
6972722
2308087
3860530
6288717
8939477
3220352
6104353
3295886
9731260
5451015
4974362
7013234
2268660
6440641
5104129
4350704
8026103
8524833
5761709
2690543
3659297
4983547
3209004
4722817
1260256
5572488
9007148
2728810
715475
7865876
6619310
4847065
5599664
4505316
8764249
779778
5779194
6194552
9541404
4992258
7076195
5897170
1672165
5445833
1512984
6857574
3729625
6036920
7779847
9729934
1063973
1475159
6516475
7001612
8532568
6636007
6043809
4054385
2028710
5313718
2510447
9417398
8243281
9656079
1613891
4110380
9817524
4790949
3615983
4315385
2937799
8695895
7194230
9092974
1025414
5186822
2563044
7398002
6183638
5011348
8474068
6456112
6833525
2961066
8281870
7621131
8009689
6228072
5765798
413156
262988
4021093
4262293
586280
4351187
852072
1722337
2123548
4869811
5563344
7310175
5116236
4818207
6778121
1252323
3947522
601338
9243506
1886805
1240846
9083400
7747651
1714471
9105824
3638311
8714213
6086272
7555847
8444454
9022317
3747850
1099004
962595
6414586
1487433
4716549
3189021
2416355
5682726
4320911
7119121
2904143
611245
9689464
8274632
1270322
7376992
8443596
181637
7004333
2520894
2308830
9533359
7950743
2536116
4355912
6285362
6544133
9221256
1671279
120795
24656
2099912
8705676
7255657
7601865
2945904
4950752
2251136
6385001
5117348
7425343
3840347
4793582
7163976
5327084
2394949
1292234
7680980
6013705
7844334
6379089
2195907
8895492
9063473
2549518
4955487
5801222
68657
5739842
9696121
2660563
1063051
9843297
6110207
944154
7372192
5128713
8942451
7017127
675559
657992
7053410
472769
1402660
8499764
1866184
6481768
605488
4113038
1266491
3361434
3584679
7696912
3063275
1862513
5731565
7572408
4749114
2293532
5806051
313558
5646399
5540609
710583
6941246
7111749
3561669
3909554
8130953
3729175
9087082
2303386
9191172
7189937
6373755
1575969
2201275
7578013
9048154
927692
4845270
8204993
4728109
5475129
4362111
8023697
2407356
9389741
8905738
4458760
8975794
8665260
5252220
2593930
7968567
8006466
1021623
8825419
2206009
8136936
5744167
7009744
3702997
4402228
9571016
7891243
8670401
4126438
2117619
2182782
2964475
3148828
9771538
9493568
7604768
3364380
5267806
8657129
4401216
5114870
2934902
5623173
6011683
5778917
776833
7558492
1378607
8900231
2545786
2179612
8235160
4338937
9771244
9545168
6776326
7053725
2972211
5906965
8488551
701071
147460
999400
8134487
7906766
8304062
7987845
4889453
5115466
3967370
9754343
6297287
9803130
2068352
3236401
10468
7648684
9609611
1020997
7939011
8264673
3384274
3606433
3472244
9198191
6607735
7861132
8656020
8205121
1498047
4818653
6685315
5001355
7014684
9546346
8669722
2688822
8577014
5311478
8489807
382920
9603694
5450040
7609336
6928614
144396
7432663
3147185
8338425
2248950
1738249
8329579
1226727
3600559
1814471
8905779
1217061
3425014
3056901
2267260
9384897
7903626
7212932
6191907
4245969
5922262
1657207
452052
9744656
1671682
9742193
9370989
6928997
4596257
1957534
4960593
4465995
2720809
7397792
4978133
9456449
5252195
9409266
5339345
8912398
9367612
8038121
2335245
5178390
3611260
8715776
3320501
7082477
2701878
1581216
9551785
6922554
1713936
7947778
7016556
913243
9474437
74404
9048895
4478959
4086012
1904995
2702955
977261
7247257
2507230
1951673
2926812
7526234
193165
8284605
3605759
7017275
4763480
9961966
6645320
6470251
2917118
7590833
4791986
3652392
8945993
6654116
1828542
543715
9634731
8754710
4363896
1167518
458379
7528701
1115424
2138085
5273250
3106495
4862505
8120536
5690597
9614347
7549676
9625896
78602
3247264
8322012
8222460
7930796
6925305
1500173
6177963
9349940
267646
720075
2633057
4213668
7662548
3401058
5053179
2705837
437885
8251359
3352631
1215977
2688710
7211775
9702284
1935157
1119294
1774784
1622620
4022810
2512302
4350739
1060167
1104787
4133487
5794607
1312141
7613490
1784171
5522388
4996989
2528049
2374620
6157809
4894522
7253970
6139290
8335870
56598
7441759
2061158
6284959
8807352
632947
6109514
1904635
9331420
796528
8697576
5199035
5741523
1541778
6788035
5719722
606213
5434049
9552669
1876426
3719179
2173729
9943835
9005531
5748771
2106762
9260013
9516619
5697459
8705923
7364514
8495416
3733870
8289404
8007433
211821
8874354
2727785
348471
7105404
1657447
538626
3706163
5195057
9874972
9292645
472445
3337921
4631220
2275975
516710
8355032
560942
894569
1028062
1413358
8543635
1301179
6157276
1028310
9332649
5510374
6851062
5105880
9331257
9086835
9531884
4214146
4483438
5997160
2659492
4050853
8625405
6962222
8389237
304556
9416898
7598610
6472197
9894822
8422045
2663101
3959615
181975
4352749
88660
5196557
1074946
6768651
4406017
5815967
3109137
5523869
1169089
4054468
9243341
2369951
8639750
5566694
6220553
806378
8137896
158140
7392786
8485183
1933206
2411418
7622247
226728
5558298
3252401
9593775
5522679
7078172
7077390
2116166
854120
7683513
3407722
4918885
7333294
8417013
3202988
1387944
8213602
5730412
6278291
3608980
8362435
1649524
6846123
1131478
544582
1745517
1432043
1826767
7541091
8929775
5469152
6031027
7981504
2769700
8214606
2446734
79521
932963
7488266
9781311
6047843
1283322
6626719
3246530
172930
3753882
2274131
1398363
1731555
501480
7774767
593350
6036674
9992803
8351881
958645
849562
5989365
9596622
6259899
3659245
191170
4472412
7601203
7410806
8280671
8770097
7358057
7194471
2898664
4213226
137406
9251850
4707364
8978858
4544323
2010100
9084843
9815930
5935075
9345987
2487010
9040762
1629706
1068102
9352679
5078811
6878588
8876218
9264264
1796124
517680
6532764
467983
296716
2153787
6414483
1765998
6108515
8997372
6285827
1087822
4476848
6366296
7363908
8004947
9848287
5335166
9373629
5252704
1357841
8074134
9197853
3554637
1309050
2836405
5319432
6201409
6120887
8200245
968934
7818759
149974
9589906
9704783
2374025
9105449
9987849
63209
1931019
6661787
3461503
2456998
2087852
1328458
2171299
5239121
5946927
9922000
68869
5875542
3302511
4154714
4857360
2617761
9326827
1234894
1948359
6588279
134708
2077531
3246608
480486
5359913
9144439
415647
9349272
8339756
3242504
7771939
9481844
7141817
6263361
7725455
873033
7846107
7083601
490889
7200243
9993787
6179155
6051650
8745791
1610762
2239598
6640779
9825739
2799340
777941
1537556
3862586
6557601
780229
7150443
9223766
8634665
4469602
6207287
4809676
4167280
6695235
2599569
615604
3281965
2002763
7882471
9144958
5406512
7585818
1626441
4680811
8740281
825707
8414704
9624796
7116177
8546842
7107144
8013815
7686267
7279437
3522644
3083871
4721836
6339473
1564063
7556313
3987756
8301649
3313616
5895358
9186893
127719
9208750
7879052
3835844
6775462
1173140
2721926
4497759
2288736
5784040
5001076
1836631
9174348
121830
4613804
5652037
9105522
8942506
6811412
6491623
8734745
9967577
8418289
6114863
6512007
1283170
8097658
9896210
6030469
5621992
1935860
8015209
484335
5365606
7687895
7198516
1528050
6803580
8291181
7973066
5158479
5030357
6276766
2386300
1469767
2016129
8583048
6380083
4303165
176850
6133549
8307500
9261182
5169317
4035493
8200373
3388386
2784759
8079486
480384
9432569
1499566
7592980
8914836
163649
412035
6873597
6212161
198728
552669
185833
101495
1396381
9662577
3460642
2820315
3659219
7905750
8737734
5325974
2219803
6188797
1411865
1338792
9761161
4034611
1395322
8510398
2400855
9679081
5328607
4991575
1289295
8273568
430651
3755619
762621
1977445
980805
4929080
2353114
8168353
4800449
7710841
4982016
3992401
516881
9248164
2108404
9688712
2441827
3016318
9032328
2374366
1208448
5154472
8780657
1745818
7042296
4088978
4651529
75676
2882737
8276197
6450375
9250652
5242646
4577445
6391116
5854548
7447581
7601256
8515358
2553005
8014451
9182072
2036541
6544101
3728262
9285244
7262661
7516783
4299654
1217250
1489159
2479798
2212473
7665440
8562975
9715808
5907917
1287389
7560896
863454
7239095
7216510
4342762
8275310
138080
1754613
1556730
4039210
8668455
4896480
3194566
9737854
623330
6295341
5006352
9666643
1136174
8356880
1253477
9998423
7495327
3774587
6455230
7598442
6619666
1828926
1297836
2831917
5120797
910929
8836625
3904857
5235814
8147924
7924805
6827342
9384740
8761761
8619933
5934376
9940287
2341040
606546
8646473
6777673
3927556
2667049
3559871
3113423
9478903
4450303
9440782
4389966
6555537
2527282
831708
6894564
7079462
565773
2988967
3324584
3717272
8762691
9144071
4566160
252852
4085716
8658397
8010216
8541359
9819516
7718048
7290938
5988970
8090859
9647332
430003
2601511
947716
9714757
9069866
1514792
5957687
7130777
1376744
1491973
8719473
2614075
2915600
486413
2977840
3911351
503709
1266382
5808814
9629300
2925565
9931138
490364
6967562
3160851
6472768
8868357
4875327
190763
317864
2223184
6895406
4789423
8886584
9575516
8767701
5290850
909375
3057716
3655213
2993736
9725271
5219297
1702170
6502996
2638071
5010636
2264176
3316943
7121993
560199
3449115
791476
1147039
3869370
9116033
7218497
4942852
7119500
2894524
4146902
3351252
2622997
9462859
9784088
8650998
9540592
7768915
8908461
1899098
4597776
9259978
294594
8852706
1213818
6827902
8329468
3252312
36638
53470
938767
3404643
2967606
7582848
2836012
6752771
4754525
3880830
7675096
4518164
9302539
1127322
8180399
4007534
8456564
6258778
2531476
8165634
6381288
1864846
3005592
198854
3323617
9248297
8477017
9275415
4786214
4015663
2213743
1513814
549848
3315453
6408551
7696280
7917721
8665061
2971434
5788624
3659509
6247588
8765056
6718682
3830326
4813013
2186124
6675488
2635238
9737974
5816475
8059423
4289677
5394679
7852819
5165370
2157735
9418051
8769050
4647923
9882635
4563590
1796891
6137841
586753
2094870
8487554
5296427
4123838
5664077
8028431
1759628
3705933
4742403
9855456
3393122
2675980
266785
9175506
8016326
8709082
3398850
9577288
5126285
6037400
7400893
3278094
5437165
9423069
6538152
9573181
1429226
5349377
8688891
4601466
160586
3342598
6712386
9023727
1829906
1336862
9474563
5067215
6888793
4694690
6302741
5594052
7695798
5820215
8232085
7402089
992322
5455793
8070320
399146
6983643
3721828
6553886
7169241
3051063
8012003
8863991
1868264
2535441
1040359
9837228
8473465
5456077
8982966
5321041
824335
1206131
876619
4424191
7321430
7346905
3622611
3687414
2815099
1665059
5268981
397032
7369889
1122001
4164943
1987807
4015830
4582489
5332523
490655
5109277
1035276
3500688
1691936
3869243
94020
5994924
4656173
5407092
1979648
7650680
7751774
1036386
3929956
4483479
6694346
3774874
4458883
6644447
425614
9202993
5403276
3641415
4074901
8724571
9961888
3617533
9658286
5819012
7569018
2138021
4567545
6144539
9479037
6208672
2952901
9944698
2299518
3685942
3632716
7752344
6737969
2668013
648002
5034879
764093
6490291
4654910
7371028
6886704
7480156
8305013
8713710
2858401
2328102
48665
2027433
814821
7760858
4514403
4375408
7497829
1892924
5027057
9685620
5078813
2203843
3844980
8792194
9370936
9338234
7394838
1805397
7485641
8934204
8889267
5818860
6743089
4314634
6113098
6855411
8788890
7267497
2398921
8754072
9207083
4219656
8579602
412209
1664830
1078688
357649
2951735
3896676
2865302
1578722
8541123
9161066
8252689
9505131
5871451
3610618
4317304
3677155
3781817
6148353
1518297
8303944
3915291
538863
2271377
7476363
7250731
8956549
859949
8632511
4118817
4839347
6005607
8579961
6124675
338569
6656755
6590598
4047496
8182794
3684415
4394031
3084230
9181582
5715861
4719936
5095324
8564708
2588384
9950611
3172576
6972602
9447288
4671009
2790732
4177810
3705552
9829360
3964858
5925992
4569935
8888103
2685487
944840
5043603
4949696
6945083
6893319
1943557
2238211
1935558
430778
4008738
515435
1552072
8701361
8389061
9675418
4778590
2285180
4245791
6716242
8482885
4401971
9689583
4010873
4770838
8109465
6445538
6924974
5531610
4067900
357357
8649514
7867123
1700635
5798924
9077260
7493385
8231555
7206476
3758199
8210563
3992035
1014307
4679404
1477927
839075
9289230
745917
2844556
9693421
1112600
6463003
353831
5679979
6333772
9165276
2467663
6626730
6576565
89414
9984348
5653061
1463448
2185468
2822775
8060596
854310
7504456
417296
9942065
1683203
1640445
5345133
2965786
6703372
9553543
7256216
200079
1386057
1322033
6289473
9045381
9410624
3289654
7066840
3179483
9962708
7666246
714780
8637663
5534522
5041358
9862383
3894670
4489933
272070
1425828
8146310
1490096
3755362
2463143
367643
2428483
795501
3253901
7521639
1033365
387787
8840321
8281993
7278799
7677632
9904768
7498284
4500711
8190707
7430939
1458648
2222912
5894116
4010216
8788832
5520077
5625178
850199
1967182
2923507
5454339
990136
9239582
2834670
8329304
429550
1899335
856163
9732132
3865349
2073724
5866178
9079636
6573212
7356842
2818410
4875912
9257081
778902
2693352
5006444
6052843
4043484
589278
4524613
4467193
3940228
8233121
9458208
9049488
3001740
7105621
9846808
1753966
6376486
8585232
1857909
2003918
4497257
1976562
3523931
8701454
1306387
4737758
2653471
7150887
7829759
9674986
7714532
2926124
1953393
5129601
2036984
5989839
4936930
8325092
264994
5272689
9991742
1927507
492093
1883993
6058161
5647579
473184
8121764
2542986
298873
6426204
6481725
6437967
1329146
5564999
4465159
9051450
3448010
1153925
5718624
4074252
1850522
1709804
9000344
4298696
8732309
4320429
3785502
9854520
4637374
8879261
4653804
4061204
1786121
3488187
7637166
3073477
3290958
7145074
6663724
5472115
6253963
57786
368644
7288403
4610522
3114682
1635644
5017028
6471015
9953313
9100046
3744033
1136980
9119949
830404
3275497
9227666
1575055
1888204
2186600
27518
4502427
5351942
7013988
8616246
5407017
8622647
1787051
213326
7879766
5873174
6042716
4881854
9364053
2865457
8106386
4997739
1631368
1071413
4367916
4185558
1473135
5158999
5561408
6519668
5007410
7040473
2602749
1237063
6805582
3452451
8687105
1837257
243851
4604811
1344172
865258
8711818
2987536
9642245
7779282
6857080
2681776
3279750
7768893
5357501
6235801
3867681
3166903
2895359
3621201
5157535
5925975
1319629
3294242
582231
2525939
8340236
797329
9433763
439261
573492
4523021
9888911
4989929
5079629
9636224
9407269
4956613
1586113
148499
3664659
5736808
9915278
732531
956162
7228750
7429073
6056713
3119622
5007109
1920788
7742680
8611437
3853301
3833395
1066948
1937420
1519194
3132521
3337281
3633852
2802872
5931421
8601926
245733
2927068
2034058
3653721
7004516
8946168
65375
4860672
1316924
5858927
2586036
5410609
796312
3445054
489583
6351993
9861302
2029676
7656617
128990
7262380
2646743
2053081
1961020
8051035
4938201
4623909
6750891
6159544
5889157
9021608
8598171
3000603
3740295
2650150
7354000
7318722
4498801
7082738
4919382
7330066
7030686
5668484
631976
7280967
6184350
275196
4608377
2650322
9472707
2476680
4343077
5936956
15458
7093126
9276220
4334922
8481727
5498162
1025519
1539358
7225134
338403
1160345
4780896
6498532
2749217
936167
201688
2185344
3428776
7494684
1511426
6781434
3342298
2389850
9053857
6079357
1816970
1674523
5936104
7100948
5458804
2459841
593793
3030644
1935573
1154106
8359913
6238481
7140786
345679
9456139
4746996
1654847
8392005
4919925
2770522
4479516
1622784
1813182
5099838
5625340
9098704
2529143
4262428
8819865
4058956
1929790
482551
6074462
1542817
8619768
7700971
4452978
4716102
13307
5277945
4635936
1736786
3503594
8762372
935729
3651200
430957
4313845
3613308
1949886
4505100
8342662
9653956
1688746
9611476
5797086
5713467
4185797
2673207
9669747
2537503
8457599
8504337
8890048
9733399
6013975
4840567
8271663
1938598
2168374
5339030
9830171
5943139
3458483
6074634
93077
4601129
4453210
608567
9291738
8980177
4524920
152644
132155
9376870
1997960
7695454
1550534
7955341
7385523
8593063
5112510
7885751
1667552
9365070
2935810
3167406
9244474
1988892
8910028
9670766
7358457
2470485
3040323
6333507
5469911
913673
8721921
8564135
4907925
644435
7208046
6564637
3706064
7508879
3295462
4959844
6047840
7498269
2930453
7450321
4368425
3011787
1926422
9478712
3611750
904371
5956158
1563800
7176788
945830
4392306
7115652
7986831
2307640
4154942
7458831
3195468
470781
7503073
7374784
9148254
3693324
8476120
801480
3226944
9478065
3532081
5126614
9521616
8832577
702439
5665033
6344629
2416820
9432617
8962469
389805
4733795
7124597
4213447
6852433
3549292
3450399
8674923
8593878
3846908
5747757
3008486
4023236
2359470
7510050
1158945
873216
7499442
2190280
1997999
6595311
4176811
9583628
4507024
348450
6287320
6046222
7877522
3195251
5727264
141827
3362552
3371325
3700007
5156958
6964680
607837
2286702
743609
4699230
5248901
5128727
9973655
3985615
4127795
387272
837540
2110321
195167
5588154
3991107
2244938
8105308
7615044
928233
8420047
4271371
5976085
9094792
7535467
236620
8937744
6403852
970480
47050
9502266
6586847
2841281
153005
7214246
6525698
1290761
8246965
7036685
5642962
3397378
1425853
4062884
7348527
1021519
4744843
2559258
1001048
1991502
6232552
6103537
5670254
8945863
923018
7637013
793834
2528460
3617308
738828
3502348
9769354
1637799
6911489
3611411
5824522
5533012
5102685
9007249
3894852
7813548
4948220
1116035
5359258
9664686
1579869
366742
8854175
34213
8481816
8830342
2284432
4412025
3388007
3625292
7287008
5409200
7084279
3081476
8374344
9347981
4114015
4194931
3398521
2461234
9590862
6507415
2799273
3972301
5809730
4413343
9680667
7817006
3236879
8018164
3613435
8643388
1276922
6314413
8348153
4077147
7390558
5653253
7671143
4198783
7509770
9600534
7418583
400261
4011131
2388351
3319618
964053
8913279
9698586
9657295
6056429
2518023
5617629
8664169
3601794
878983
9736554
3710932
2488843
7626136
774794
4461218
5566938
6574698
3295337
669790
1267896
4883842
8354607
4766924
5811471
2392961
1870391
6027517
3730267
144490
1457971
353902
821160
403180
2120394
6547744
3066256
6008806
7907529
9605842
7068815
9365432
3185250
3900741
1151808
394776
6967048
9109546
2533075
9389208
3623264
2099220
517377
9823178
5746662
1486199
1058653
9158316
847464
3740908
6503995
2751118
4487411
1138465
23445
8793540
3333568
856538
5877583
6342543
3092318
9537216
29832
5887521
7327207
9765417
5955787
3433844
3507578
431539
5151992
7021764
5295583
5756752
2647287
5134312
3856267
1937854
3647960
2163515
2948815
2643412
6711747
8495342
588308
6848813
1984650
4740670
5298804
4275859
5019285
7988933
4334242
4699859
9526000
5905768
9928542
9957440
7621524
4155149
3636711
9141128
7298834
7525505
7412338
3368309
2042010
2709879
8282355
1984620
1878038
4770090
4657548
5083703
3351964
2648347
568175
931346
4622029
5827176
6830944
2063374
2318066
2436473
8510239
1430405
7241525
3227960
7487947
3592434
4192143
9251336
9738924
4381735
6999017
8548466
4540537
2069937
7558353
7413612
8623729
466528
8713323
9836892
1779710
8769993
6061661
8649023
2032020
8774070
6183064
9018312
1810951
9241271
5812094
8622451
1049885
2091032
2644843
4740898
6466250
364218
7792484
1307521
6979618
3729019
8446353
4653226
5023793
1251367
7693083
5186115
9977179
1088417
4241618
9940126
8896498
3154614
5254669
3016385
7804287
9291374
9705006
4094907
3843194
9334360
1422451
9964498
343659
4164008
1012598
7368713
7211274
4448923
4396261
3264486
2762214
7607687
5153988
8113111
8237260
4438648
5008284
252204
6505894
9971509
5514488
2319943
4011781
2107662
7767698
613546
2671098
3422875
1107213
3062847
2358053
647227
6382388
2993710
6721521
7510298
1336449
2257741
5578019
7198164
1601019
5733436
7005554
3122364
9238160
8184955
5787895
1215838
4814521
6429799
2078201
3869050
8770462
3553598
3394938
7879707
3014198
5263259
3442822
4546318
5916317
539125
5159828
5080463
9424404
2589325
1001801
4792227
9112678
1187960
7244150
3621282
9410911
2162321
8241623
2302530
1834760
3858434
1660022
4185757
3111821
7540390
2976609
4046006
9041056
8955168
1618998
1353563
4646048
715017
7336941
5804538
9624187
114447
2419964
4485949
2725127
8814968
7610399
60216
9014615
210991
9720805
7656645
9027289
6853720
533575
9761511
9648709
5081954
6306218
5969806
8788464
1921063
7677162
822826
2139599
1701834
1794108
3585115
2723048
6963720
3681242
9346494
6678719
1692408
7115591
9561199
608014
356453
7270301
503574
2447876
5514663
7058704
1232008
4647104
834284
6214077
4769545
2636150
7465109
9683502
1246844
5077586
6038080
8699119
3783268
4032880
6686727
996298
3633222
1390227
6919899
3937311
2482356
3107430
4805225
6913373
6282779
3860
9561154
4261405
6365354
4988410
6514134
2249584
2113946
3269117
575749
9443964
2740897
7819450
5457689
8234847
8831134
5271597
2202032
1524928
2646284
2595599
4098332
5891568
7678670
7062961
8431509
5044347
5752659
7773864
2906037
2498668
4878772
7669122
4078933
3250659
4021271
8703363
1169582
2322935
5546336
7507927
4567501
5591204
1135049
4235014
9005267
815994
8789341
7694408
5384552
5590525
3801972
6747641
7726459
3555286
4432191
2119906
6657280
1083286
7911515
7266819
3637760
7350007
6340319
9162052
104635
692515
7222683
4354751
8530459
1138053
4677911
6415810
2740715
1430183
4771941
4013914
8681336
8567585
9596605
4931475
4136584
2345944
7511587
7974152
2994774
2486897
1831549
9103744
1791627
8261232
2823897
9422375
78513
3958881
1472216
4576647
2222140
5799692
1503635
8485948
3506294
4871412
4778877
9312367
3744045
1161290
5561286
4595325
4296013
3732607
331667
2317652
608224
5386233
771615
9228432
9719894
8819944
27683
429739
7141136
8216212
3276973
478744
7963602
1494838
7482573
6034409
4849983
6084252
6751965
390984
8864079
5199334
6246583
7621991
5070888
3250826
1645935
7072785
1981304
2419150
2911062
682856
4670117
7652689
841912
6217643
4597043
2727402
5659914
8602106
2552594
4642233
6705512
863926
3884068
9915900
7111538
1933915
288534
2468990
2944472
3966658
9452202
5175984
1400266
9719140
1038201
3091225
959316
5673252
4752937
6308471
9362374
8355547
7136417
704406
4437902
6071328
8412271
22328
2420218
1938192
8192598
8234658
7831352
4616184
9461795
5524283
5299084
2958207
8368739
8969134
4046146
9447460
3650946
2806673
64846
3781427
3616887
6481574
4196931
3368984
1548747
8308383
9136550
7424022
7089314
1060127
7586842
8392736
2981238
3953816
2906553
800477
3678717
4955889
3216921
7437322
6501186
2967439
8391854
4839987
2702427
1944364
5073463
23312
7049556
7316475
8943795
3650521
1113737
8928464
2201910
8622234
9743634
7151939
1459284
9255514
8305118
8610421
1148142
3692970
2814555
2198274
6765260
9336371
7562219
2621368
2732833
8378786
8117392
8684406
889077
2884626
8534177
3921132
7321743
8340114
3349861
3114150
9781061
2700857
9704941
5767142
2764637
8262743
6141079
5941449
7721456
4273115
9781910
2100161
6997756
4207944
6509692
4046004
122516
7725843
2162360
805887
2939538
160570
841115
797465
4727534
3250988
7194749
6985305
6756561
7883106
7496466
6451393
1312058
716168
2821161
8102977
1836434
1498065
1441219
9637790
8908634
990496
5368752
6681321
9876632
2098143
2869449
2783101
1304859
9936847
8752236
9070214
7383040
3122942
2699966
449124
6105600
5990067
2156074
745116
569238
4243043
6033498
9777377
3715
8773818
3384158
9573241
4157305
56685
3185492
6495042
3069648
9304459
7496458
8536085
9903220
31213
6746983
8268664
7848764
1988571
8096202
8508023
8804672
7810968
2276385
9584397
4846339
4841433
1687813
9864431
6896376
1265183
9687921
8788629
4583592
7136955
3894994
8929201
8297747
9463966
2177839
8440431
7824212
3045282
9939
1570267
750052
9147349
9617410
4707314
9799294
5722490
1338840
1613149
8264937
1191868
3742130
178409
1299664
8787492
3115472
6166319
2703469
7081084
3179413
7174202
9358054
1154476
9373788
3438524
1114621
6450900
7382471
5399585
2909619
6784891
5102093
1177040
8484376
9407501
9875954
8617033
4297802
3081238
6245508
5467146
6181412
1505172
2869321
9909309
5783563
365559
3680082
306947
4832569
5023217
7256800
4056166
1319513
168798
8151034
8107995
6621085
7495668
4298195
8567103
7766498
1902839
9349269
70990
6072856
7324392
7862670
1992307
6458708
5895291
3794436
3247161
280713
6745685
9018051
9276492
5564383
5737744
2999444
8019778
9214017
4422391
7961061
9125414
6042726
4431451
5510490
5726544
4270595
3498026
1809308
7622436
9163625
6910091
3848295
1192463
8550335
6076351
613726
5662588
1535324
6177459
120394
9054120
5464522
1779281
8100560
5164139
4376177
1518649
2130933
5930091
3242240
6287989
8114889
472774
7370162
5026479
5183618
2728591
1654957
5586487
2513051
6891081
3861808
7030638
3455060
2682247
3852659
3003951
1339245
7846066
3374753
1925195
8809916
1061226
589677
9091491
1521967
5850064
9479116
3360878
4235863
1939798
6315601
8871017
6038815
115443
5886424
1801650
3695597
5877702
6616455
7058327
1523620
5451089
1316826
8040904
124664
9926544
4313566
9489471
8627715
2898750
4161849
3430715
8548091
7982771
7162327
8168915
6097569
2459883
1256963
1298361
1845422
5182592
3540322
8109965
6493900
2218721
1181742
4307484
2562891
4770551
3774031
6452400
8752753
6184881
1421433
9366983
5353128
9672273
3825631
8219160
376954
5258871
452232
5098927
1116917
3863259
4946146
8513443
9946700
1866481
353606
6847488
5728162
549396
7598464
7959486
8850979
9013068
2904522
744090
3342383
5161205
463534
6754767
9666863
8776380
2286427
1439674
6720674
1212675
5665286
2828317
7451646
3586587
494370
7773180
4745212
6186843
9484610
1289289
9363156
6034806
7348659
6866058
359054
2784124
3779969
5601876
7486481
9406470
5602961
9915820
532072
8105714
7092028
5737131
9520746
1653457
3060778
2307340
3536551
9643234
5981887
4929186
2067433
99003
7840732
6568818
7810093
2307072
6537337
4602836
1662174
2811966
9972121
9170038
990105
5149761
3178768
6541378
9404801
5292115
2355721
1193729
7323328
9927017
6906163
2428094
6067847
7875686
6790820
8506571
6585446
6187909
7950855
3521663
5901572
100514
6247986
9214552
7890015
9196951
8430493
7415295
9003988
3162641
2858100
4908135
7322542
7664752
9052947
4581292
4087238
551385
2191671
7485852
9204716
8000157
174611
4717219
5747087
9967412
8318504
5190663
6975435
595680
1590875
1786808
2930153
6708443
866275
9901638
1169375
1519320
7321256
7088178
8193929
9849812
4837597
2694186
8780549
9909702
1348981
1683901
567495
7752162
6298685
6215293
417380
7357812
7784561
3091912
8346254
8696133
2218720
515915
9087513
607407
4245159
6263185
1991885
5774004
717546
3640878
7194674
3017533
376340
5561578
1459107
2560794
8770356
9497349
6386578
3404393
4390025
2713205
6733744
7542436
8021510
3306125
8261986
3116139
9252277
5507106
5141960
796194
5775669
9285724
2626679
3492998
6726770
3405994
4078434
5998575
7462949
6127421
3982243
6226461
1864591
9165270
3201639
4478588
8915775
3290116
6238211
8555107
2728271
60474
5857251
5739243
1648685
5177104
257229
3720927
147724
8387767
5516151
637793
1998312
852510
8774583
4658894
128009
8529037
9351335
9245281
5459291
4113385
8477538
5503803
7163636
7062616
7728447
5298545
842876
2454141
9586596
1172267
161367
3152604
5347561
3112898
4988540
3743195
9149910
14064
3933246
8764207
7049194
841302
7674869
6277439
5443740
8325864
8293864
2129478
8885460
6045893
8104557
1288291
7365986
8381706
3680600
3327287
2957623
5690338
8879344
6943864
4516435
3558389
6912894
7843300
2734253
2866552
734238
9424910
776563
5120316
3216318
2540215
4089509
6836895
1466388
9747968
6633305
5277113
959524
8595430
6139046
1303033
5472493
4667305
3235402
238705
3686885
7652796
5101346
8205252
6099624
6207971
4227540
5166346
9976918
687054
3875250
811056
1617892
7165459
9776655
154424
5416352
3893993
9799780
369492
7039376
9253198
886404
2676701
2551954
2296341
3150295
5187702
8236251
6487296
1089968
7291971
4067006
9694847
9325368
9628786
1852081
8868646
6917954
7827945
1626586
3095950
8391695
3235142
4353745
455711
8157340
748503
7845569
811910
6679715
6949019
6237487
1517039
3849038
958277
1655528
6056208
6460527
4232108
2881096
6610706
215770
2909868
7981498
2046493
1385062
9778558
1825224
9158645
2268626
552814
1086802
379274
7329389
7470909
7370402
8366976
1709786
9399762
7203934
1755067
565381
2245974
7292282
6189193
9930543
2784125
6141735
7009588
7763900
7617819
3206175
437232
6397900
2244832
3443880
6846102
5238035
1747540
5652991
5116186
9529659
8897606
4370953
665937
8046795
154632
7332138
591588
9277053
8638533
8488152
8458674
3105089
2432308
3073038
4293939
8065613
9074521
8962936
4840431
4283693
3659218
3115355
7323319
9489121
186554
3811683
1018148
1633294
8592587
7059098
3537639
2208111
3905513
7281706
8709715
1329592
8182872
9449255
5491306
9873538
16616
8314727
9864242
7711852
3467621
4375636
5936745
6577887
7107403
9610192
7403724
3875149
1482279
5697108
4509471
1330096
7635478
5191540
5146803
2676985
1468294
1540448
6688045
4357364
5616091
6575861
9577295
5731812
7363909
6577515
6153530
2655991
3915930
7657084
2184583
3992400
4330665
3250497
2268678
2145098
5688357
6235148
8729946
9854880
2898648
3593480
1555365
9021175
1096615
5758338
982348
7374690
4206152
6589608
5769432
3468055
6145401
4293272
7219139
4143519
3764480
2106624
9455326
4746076
5177481
8996753
101623
5652756
9196168
1369589
6708635
7865786
2390906
3435986
4412336
556840
9475039
5658101
282789
8545747
593664
1988436
2580389
3150286
9339031
9456338
6146951
4960569
7336460
249828
2923158
7585063
2751832
1637784
3135265
1904511
9550643
2888614
4097037
6880381
3556959
8432493
423386
5427569
7867126
707437
9376972
8614855
9797950
4903275
5226384
3745157
903448
6806939
6073900
8341368
570958
7448197
9332829
3279092
7980004
7694493
8651197
1227893
731089
8450310
5873070
7056762
5962753
8940208
8915679
2202877
9291417
5611532
7065427
6376981
2228560
6554850
3035666
4971717
1933677
2736119
9592200
5645182
1110664
4649043
3078059
671234
6692226
5770195
6728122
4587230
5605567
7130415
258337
7641933
4577931
7757302
5377084
1670300
9609008
6205110
8161844
4823248
3676226
9035964
1768645
7490870
8497453
3272340
6821672
2614840
6083654
4483777
1724065
7134068
7482942
8435433
2727914
6697431
1939802
7903526
122294
6065190
7842869
3300095
5595005
2269519
3766583
4750385
9479546
4983423
862689
7990359
28325
8431736
7344441
8315235
9401800
5249362
8128299
7384976
9108197
5038480
2435098
1207683
7077773
7992134
4666221
3461751
7348851
7236865
7803052
3523345
3950599
6808522
8353516
334615
2491899
6125899
193117
1433513
5239674
6085640
5005691
6077957
9158296
7494208
6188874
5101299
7079814
4410381
3599697
755051
2509737
4432520
9206968
2806899
703071
5272941
200435
3202125
6759877
3767478
1274780
8955621
4309277
5328421
2333017
66934
1627724
726296
694072
7245831
1054573
3849615
7779359
9360429
9639999
1017110
2210784
6689992
5932877
5685739
3076522
7352405
8566220
4597807
5891237
7410508
5233471
4036009
7355508
2026757
6209721
806475
4547577
5173046
9728571
8653602
6583108
8509243
9279744
239536
7260379
8473597
6777942
9714676
1755650
1890441
4134247
4788983
8313886
9661479
7133360
7518782
2142406
688810
4809960
3588064
6689479
2059070
9383869
3431117
1287669
9833574
2945735
9265127
1155487
8330008
8703540
8033723
9154394
5494384
4957140
5868234
9946601
1451179
6846604
8321888
8528596
5344489
4134741
7098543
2043668
8559757
7180548
6963606
7602539
6916422
9215425
1078360
9144762
9675145
1955974
3134146
3516073
3593951
6415621
5780130
3560975
7836628
8982705
6244382
3559299
2481330
8917186
7455543
7475489
4551100
1414844
1000681
1726084
900642
6361193
2929320
3272024
4611219
7443181
4665823
8356771
8590292
7031816
5460139
2968860
7322873
6351557
5134503
9719739
812479
7101965
3021526
7187222
6971855
3614487
1493668
2555329
3524729
4564238
7318469
537847
3963154
496557
7107053
5841951
5530351
285270
1630864
827194
9482288
2959805
8944907
8343034
4094942
4998467
5662813
4064776
756622
593505
5874089
5854796
9900813
8989579
5977188
5895721
1035633
8751474
2930286
6498652
4408510
731528
1307749
2787709
8262583
6115214
8213320
5888386
7704324
1789345
3066509
3069026
9076105
5496941
3978085
6551076
7735000
7943040
2701923
8744572
258692
7854694
3737843
7592048
2465572
665662
9213868
3909191
8040115
8212490
2753228
1267983
4943552
8845781
2094282
4532829
6767313
7461639
149445
2868647
7512457
7958062
7237703
7409543
2368286
5865064
7085802
9106508
5489903
2762552
5953855
3142521
2766086
2494665
6895845
8074842
2510301
52771
114807
9179802
6939958
9802483
9923023
758789
9429414
9974639
9682135
4120487
6684258
4059594
7895917
70096
6197830
8002714
2384899
3778820
281738
492393
118745
8425156
1432656
4787202
9157124
2823565
5286345
6604125
6496979
8997260
7551506
7774608
3093908
3202710
8401664
8390221
474538
8947802
280128
6756893
4148107
2018603
4044683
1939181
8328195
5177532
104768
5318432
6565006
7036184
9600537
7256496
9946430
4437739
9812657
1527014
1140216
7587083
4602439
2057253
214158
2612
6648738
4154608
9786469
2274912
3111994
743802
9431348
6527847
9814056
5215537
5607849
2592166
3428630
7818057
5812720
3206856
4040964
5674186
7705411
3326716
6922873
5573708
3047348
2884845
7802588
8801292
6275996
6465982
8266729
3071814
1141119
1402253
348750
4847356
216481
5199406
2625442
7123977
9321665
7112976
5207810
1453630
6408556
8574973
1478407
6290459
5654486
5259031
9053658
6535604
7134551
5383074
7653050
5746357
9200679
5682231
3909359
4250890
9662677
7921090
1883983
4277100
7040770
5214701
7543710
102805
9940488
2434664
7750767
4635286
295830
8013926
1614230
8232965
548217
3236684
9201139
5024040
396169
8094363
9619889
2520597
1589057
1772618
5032559
2567806
9279565
8356431
7049125
3233290
2031352
230866
7683461
9289667
4945105
9525074
4243477
2663309
8168012
1689423
9476594
7335007
6845369
583882
8444427
6435562
5321426
5245188
8060381
2964526
3968827
9527098
5250801
1987797
8697460
5089861
4210201
8185311
2145947
9550673
1286358
2100500
9380086
7076422
9380059
4796896
6106685
1164844
9261948
9293468
1858533
4962784
7436076
8099912
6123614
5134549
3813893
6407965
191763
1224279
4856797
6548170
8694156
4640319
1510015
9757815
940454
4094220
6351283
9220681
5646964
7601112
1236985
3859752
2334578
3321857
8324517
5148361
6301672
1711889
1817453
942791
795040
2029624
910613
7250845
2867875
5422547
2152666
4188353
7890723
1006649
397895
8922039
138314
7821172
5446064
967301
3087723
4793088
7785871
3148763
6712912
9183382
3135588
1217026
235376
5989907
5942688
2455015
6484438
1810875
6047226
6541163
8634137
5371322
7372641
2935102
5923192
7706108
9979563
7616464
2743225
582191
6956833
7172092
4817298
5616387
438890
1055821
8111338
5470215
9196106
8933729
5556773
5029446
6566667
2003380
4951657
5432900
7463872
7196177
8793721
8813937
7435930
5427132
4932722
1551795
3567477
8266633
1367633
9372095
4840471
7326333
1219670
7741611
9520276
2559088
5753898
5408129
5460399
6885551
6575705
659398
9842587
6923184
8975295
7714768
1859961
1984090
9421577
1699030
1938211
4334348
2910360
2741679
6158249
3409002
3151216
4038850
4134233
224051
7239166
2133323
2410705
7621843
9714567
5415364
5825330
8762297
886198
4910145
3749089
3993777
4504083
9063493
1829807
3000080
7751647
6515802
8149840
50607
5919174
1093943
3543143
9937822
7766580
5564484
2335538
7458745
9633361
2470846
2765789
5306453
4864086
4796202
6761427
2235084
4551726
7707886
185525
3131024
9327650
7484235
5898729
4978211
4721665
418731
9410664
1992443
3159625
4337778
7098752
795329
9047837
7937633
9178929
3311126
3606844
8804142
8206542
4038718
8562583
3368668
907825
6947058
1787011
598690
8790123
9967525
9215999
3627153
6105869
5943951
478708
8277034
2361108
4015116
6675215
6304350
8330022
5340919
7569432
1712819
7284735
9469173
8460339
6516648
7353228
9633260
9400270
4455778
2212171
6061201
7894912
7293016
8996923
9684652
1302436
4118552
7815153
5214010
3811603
3509545
2686960
2676285
990024
6177099
362843
2510248
9729274
9897536
207345
8024128
4155007
2868354
4252994
4321977
6305431
8231618
3354747
8103754
604607
4230108
9994342
3480741
1268467
7447005
5237726
5092852
3587847
2751940
1334351
8369545
1746988
3140024
9818166
4274724
4577204
6592319
236251
882611
4938926
9673684
6958386
9741824
702931
8865855
1231536
1325701
4401000
8940085
5715946
596540
2281773
2115996
7308881
2519310
889504
4724076
6919159
4467173
3438407
7762283
7947695
1118921
8646280
567623
7159857
440229
9687129
47626
6164284
1481014
299126
2051964
255941
5355882
2522885
2809883
5510869
6280443
6133784
1494653
8964809
5821633
2564960
5263330
9852489
8524279
6395024
4201223
9269722
3269919
9603197
9899486
8444042
1609132
8487277
616255
1914714
918615
15840
1603033
6339523
7633458
4470593
7986204
1029670
9589084
9459673
2127442
5487768
9303276
8085658
8476443
7665679
3994625
1477295
8186205
5003769
7459198
4691951
8077530
6851828
2332879
723016
4589446
51914
4504611
1966017
2090821
388088
9798954
2877985
6091970
7537240
3829319
3982259
8501082
4004972
981726
2006811
2917653
3373095
6699885
6386478
123870
6749146
7013992
102072
5286423
478317
1027395
5772857
58021
2495221
817835
2869758
1693880
8854360
925285
2087900
2678645
8337427
7819784
427824
4179940
9102519
2034353
8910290
4173633
2280929
106034
1521674
1371736
8563691
5219026
2793485
2456726
3131013
9146216
5104535
6697308
4897874
428385
9508271
6182822
8769447
5934887
3687333
4840460
5367874
3267431
1985375
6546210
5110766
7683136
8731801
4243488
1351438
9138512
2033663
3560067
6947308
7038391
9542207
7263304
6678320
3689793
5497277
595575
3620309
3218715
3605235
2447820
5273542
3747088
8415528
7101637
6995389
4418587
8134166
5323266
8285373
9907354
9962196
9631214
6574275
7376375
9692676
5069479
3386317
536570
6466306
5567904
6740633
3089381
1205203
4508975
9257688
7041698
9654337
2276464
4116377
7320587
3404945
9947001
6403064
1975865
1404199
6793536
8795867
761890
827249
5573556
1383241
4787873
6764228
7629933
1828879
6501849
825227
4374692
5325029
4841562
6765804
773413
2739308
1791641
7766133
3799284
9128512
7707564
2646134
6560945
5095015
7011169
3561132
9788719
7182157
8669365
3498074
2732053
5185295
7207909
9987759
7200832
8592437
6887617
76827
1679904
8715928
614351
7883499
8145723
9944367
4731039
8518662
6684372
3097816
4145531
3220551
2299927
6431659
9409233
9064771
2741408
8383686
8036406
316002
4876728
8829926
8232181
6533707
2495600
8198407
499491
7988241
8604239
2233663
4573143
1248778
6737909
3111939
8566397
5339631
5799203
8737482
8926130
1402136
1948135
2819965
3122607
27052
5423298
314347
8326081
425212
4441733
225785
4553033
3376098
7870044
28318
7839324
5835528
1823193
58045
386603
3501346
7154262
9416594
9833856
9242792
7653285
7012396
7861315
9714239
6162329
7385380
303423
722622
4505014
3571212
2426918
8931795
5670349
1286406
6646350
4604060
3913240
5633977
7860568
7543469
1948629
3975659
7989505
7867513
9115488
4882000
4891526
250140
944739
1603170
7399745
6812574
7936535
404615
3014143
758359
9273704
5642476
5139651
2430613
8686971
8530039
4514109
7894594
3542763
9240603
3501292
4900
1525973
9032585
641124
4698391
9899391
2354237
6691231
3861425
1381133
7928929
7331871
7359969
5115191
2334957
3741937
3906444
6223259
1929669
1920345
5486957
9004495
6636221
8489199
6612212
6261629
7278397
2868334
5116563
5525433
2137030
8282121
9450210
5455272
6189055
1707023
1133662
6522496
1211961
2281716
4421603
6628427
7383327
101396
6311892
7743460
8124559
956054
3297527
5433391
3333378
5232334
64000
1499894
580785
694413
4457211
6421584
5731207
3536990
1169326
4139262
351550
1339787
8799824
6563681
2434468
6256230
5240453
9357987
3758073
9878598
106327
7702299
3679561
208644
9497672
308659
7511104
528390
3440503
9625759
2706359
3743815
4539089
4440907
7904801
28733
3703735
9719044
6104930
923254
5225798
5064266
1688316
7067549
5295973
3478150
2173130
6635599
545718
2732725
5072925
6464478
2985740
2566595
1364967
1573390
5376330
7724438
3279786
1984896
3554921
3547943
1513141
8781931
5435656
2126438
6793176
6472631
7559441
945767
1925195
2836440
392512
6332998
2056338
4366376
634868
2862560
4681213
8611930
9101179
127637
3731822
9604261
4176333
6031674
8502014
9080905
5232265
2942561
2845469
1422982
5935074
9881457
410339
607229
1190718
1375698
142963
1622361
2099288
5958319
3073492
9800165
3143528
4594279
6810127
9493147
3764866
9885558
1194462
8150836
223857
9865273
5342923
4795319
2351988
7927328
8609527
9394022
6534933
1126794
1800358
4926126
486436
9182242
8853897
9821436
5446203
3250922
6933294
9731529
7139863
7448645
5872925
3618327
1855884
3447243
7754391
6291670
8411184
3883700
8284966
3703430
9588181
9117684
2999207
6450458
8231596
2720998
142969
3523025
7900090
8397104
5625729
1861301
6488663
7516464
3495385
6783046
3191831
5600398
3009377
4885466
5590274
4659946
3213029
198897
9446628
8845699
812796
8806515
327184
4219919
2526994
9000813
3669649
1234605
9644501
7513706
43221
5581320
8513791
6153348
652595
144181
4567721
3059208
6585157
6791633
367365
4030723
4759559
1421810
6280555
9308418
6279603
2047878
9713651
1635522
5111402
6572796
9360795
1279653
9272214
1337286
1451882
1356387
4540055
1391956
7353569
2708907
4964841
9886971
5647847
6731083
1990784
3914255
6677196
8877329
7999190
2783032
5857817
6714510
2669592
8045889
1332428
7803552
5260921
1887054
6927890
2546946
164588
6786008
8222512
529918
716016
8008102
5792000
475973
14280
5560651
8526269
421128
1541640
1180831
2082858
7306303
4752392
1864245
4013653
2145788
5976593
5855455
1473625
6034862
6327950
2140389
8453036
3325769
591868
5822866
3584103
5674230
2981025
632432
3331692
5715267
2269699
5778294
8013763
2775739
4148644
7795722
3995760
8210884
8079875
2569459
6604956
2134199
8782051
7787200
7013212
996024
4455007
9380261
7393135
689476
9575605
5534356
2073108
8687331
5591795
368613
5866970
1735805
8039276
3934391
2056714
477868
9843263
1607121
2139722
6207953
3090818
845758
3050790
6961170
2017291
6567883
8424279
4034026
8900343
3708074
2020654
6572279
8959694
847743
9807762
1327950
6089174
6862728
3620367
9396300
5575465
1347949
2737626
8540317
4066473
2945358
9189665
2471986
8529701
9702202
9859702
594531
1281306
5082648
372029
8657304
5270109
8389696
6889630
2505863
4474420
1049793
6985532
625896
6725913
674801
7052668
3014240
7633179
4031239
3787905
2627793
3063320
2282635
1292850
4357296
6284706
7176188
3599479
5274696
3215650
3549842
7931013
8468414
3006478
751645
4882474
2799592
556576
5682470
3742204
8605187
5590182
1369651
322336
7992433
9047861
3707936
9526504
696939
163867
2501633
9216618
7328046
6468312
1725613
7163321
545636
7758995
4291664
549135
7679395
3918613
3140688
1867719
1422745
4303178
8541742
5511915
6448793
3697070
9708484
2908369
1575258
826018
1666009
7934722
8951586
854170
8421552
8400207
2687365
2784594
4397193
8591697
451289
7259289
4539381
4950935
8439889
4846803
2077354
4676918
5372135
850743
2390681
918973
6967866
214886
3476354
8875463
2904408
6890776
2970757
2831517
2237317
1628116
9255309
3403813
6469924
2509969
8811573
8114866
7145462
4552770
3428591
3153194
4329440
600954
2119692
3705185
5494361
1749132
2476780
8641747
9990767
4209180
1757334
9336408
896126
2399444
7124316
3866140
4015773
7968917
8284401
6342977
8138594
8287328
1219402
6340545
3326442
8845516
3984370
7668648
6573513
4138368
640033
6620639
174605
4470379
6564559
2438600
5685038
9163166
2698904
2432560
566895
3692966
1051313
8930596
154499
2088348
3131201
8161529
1125967
624558
4293283
3071981
5458134
2517599
3423183
3902094
4120922
411378
441003
5692788
5317664
7333994
5975734
9531724
2714393
2250082
3788571
681252
9169307
2036486
8395922
8341763
2350645
2746509
7443333
7916570
1225015
3397598
1070934
1644496
9648535
618958
2432001
9394708
2670430
1635962
4102551
472352
7165102
1960185
2056771
4316636
5077268
7416520
666691
2995053
960044
3797672
582529
9074324
6203505
1422840
3911372
6602745
8018245
2529616
3666370
1048404
9013008
1990114
3617736
1737959
2277022
2964497
333169
922376
966874
9344091
7022663
506473
1256673
3154946
2756082
6821777
3422028
3360283
5437783
6856949
107369
9992048
618388
5002736
318266
5439482
4598554
6691451
6262416
614089
1413184
6042860
1243170
4089712
2038366
5653736
5827319
5084162
6680019
2528404
6435010
8111421
9206518
9539475
2336067
6503919
6882630
4085201
316968
901839
9535170
7282325
9570502
5756167
4399511
8266838
5751692
4326073
6209262
9292019
2765584
9406878
4929148
1292094
3363423
846643
5004689
4555445
6712820
947590
2504314
914639
8995615
8159825
8233845
8358916
5026079
7522053
2264883
4811546
7655203
1456286
5574010
8749618
2148466
6556376
8156240
1793167
4140330
4605137
6352833
3926479
8555891
9299804
9800403
9865427
8956599
3054698
5726542
4635467
52394
1183681
3929572
4716635
3097582
8049862
4110302
5341616
4054282
2118986
976889
4554399
6798532
3885146
5206494
5459788
9324549
3378296
6686778
2384259
5467965
7344090
3025501
7248517
746030
1545840
1937309
4800174
659938
1219868
2404926
105980
7411171
4169769
1359604
7148007
5170612
1868577
706991
1954457
558272
6213610
2794392
8526657
9125835
4115814
610182
7159374
7698493
1179283
5143383
6507534
8272221
5518823
5210068
7001299
654883
5861952
1753223
681548
6592390
5980577
7005503
3104040
8174133
3097358
112364
6183839
2835733
8018868
1770286
6419236
8273712
2575193
6346258
3199957
4589289
7612563
6796663
4377617
1551500
5817439
4763871
6123233
4108982
5478853
545890
6639358
4311985
7758510
8538581
6511606
7289738
3879465
7352405
5510744
9552529
4014420
7499111
7283157
873617
4610424
6501973
541585
4605196
9891074
2961217
1693161
3278391
9699114
9740520
8077645
6544046
4457192
7548438
9551427
1274618
7514034
5069170
5614545
344784
595255
30297
4867277
8147530
3486746
7542359
7684437
223092
9844251
1348887
3650466
8950716
6452207
9709698
4703951
1579923
9060906
8209916
7949909
4991801
8732774
5328608
8721718
9546503
4451440
4881792
2378079
2786026
522829
23564
326038
248725
7363831
2176467
2347444
2371825
6875116
1679123
9107997
2600072
5380897
4978300
9036345
6103212
8646517
1527735
6022637
1684183
1717471
6142285
4705234
1816990
7130128
4129650
9750538
9602589
5700250
5100592
3400177
3618487
5782150
741105
734420
6040144
7196880
4096400
6309083
9437745
1446237
5928236
5950168
8740088
8261140
3606627
8077114
6978775
1784602
1708058
4668914
3582657
5974058
1220217
241238
8717701
5244298
6984140
476620
5025609
1486126
5006212
609923
2201329
4818754
2593436
7639815
291972
1603697
3235943
2892478
4055851
7108772
3892075
540968
4879779
913039
7216227
9173549
4836136
3743843
3481737
3354185
2720530
4398401
2945554
8931827
7129230
3093764
6414559
3391726
1627531
2785839
322802
2217993
1171408
6382206
9013351
5624087
3552251
5432452
5718135
1335486
646320
3807990
305232
7761155
9606280
8481048
4858265
4908674
6302475
3086494
1990634
4979216
1808414
9213175
8183393
576518
6561511
4942747
8855907
888363
7080855
1058817
100675
7715845
2384400
7519402
6586657
6657103
4145471
7558969
6889163
9576872
8320942
4406927
8050202
3345748
660506
7727683
5403749
5004607
2888614
9059990
2289418
3447432
6190083
9723064
6180705
3523297
9210018
1733156
2706544
6395341
6413305
4512097
64997
3977108
1183903
3750655
2214344
9367058
5356705
6302071
7059634
6148704
1372928
7919115
3493373
9101627
5373244
1911758
9739881
6818469
4262032
3198810
1917894
2642268
9093025
6968383
1280257
6580552
2574477
6368095
7199344
4927393
3635337
2841844
9909798
1398015
4928355
3347345
7345067
8974861
4998572
4565489
7441162
3357809
274528
8092872
5141348
39177
9734066
6643182
9411720
8377360
8277684
7527914
3043640
8568596
1761806
605268
8329856
4718055
5085394
6846935
7093166
8048863
4500445
5451428
9537284
5076916
775763
711132
4277940
2892587
2361000
9706326
1278262
6756292
8182463
2347156
617560
8418009
1093049
1714321
6709156
8952392
2766638
4367728
9174960
9658196
3474236
3012427
5786903
3557016
9738392
2251946
8184628
8251448
5398296
8146067
9242476
6032837
7726245
3854726
9535646
6985987
7543808
3130096
5175562
5901123
7951170
6058973
6959213
9706737
9495309
3907919
1199199
2171791
4082524
2740706
1444147
239307
6440366
5624449
1518256
7649200
736363
6586493
8640205
7746012
3380664
3304025
8843148
7463115
7922381
984225
9307859
7501062
8172100
4612311
5620320
1402778
4653861
7202362
9234527
5456815
2648343
5781582
7703578
6673052
7405791
6379442
9461061
2170230
584280
2491686
6295413
7545097
8139430
5464795
1148630
6668452
2320188
8524386
755085
1040086
2207382
1183017
1964972
3654703
8494469
6346644
5700268
3262949
8611390
6338927
2480303
8090443
9522195
5428825
721653
9294166
3805783
8336354
1737017
9636995
3208710
6066685
9984996
651166
5522723
653245
893614
5699637
201933
8751378
2012655
8246845
4941072
4197236
2642146
5889391
5864017
1719642
7016748
5501311
3928935
6959946
1959792
2602533
7582422
2216686
298641
5803908
9060622
7194925
678986
2115096
8542460
217191
5434560
876133
5641969
7463295
4346871
8099402
2547769
6875262
234686
1752054
3073671
4322790
4893668
4791953
9602183
3812015
1793179
2071357
7540496
1180031
6740886
176734
8655879
3499892
4339154
4171178
9234908
9882511
7154113
495279
2170641
5465710
5053705
2066358
9106890
9995899
3881467
6154608
6973559
7809793
8535660
1823831
4477409
3393946
4417619
5676395
7245390
8626472
178827
9065295
3761198
5782357
1594611
8715523
8429315
7311600
2366050
5373417
8015225
6084702
9624537
1373404
5347725
1455636
5090507
230258
1062420
9237526
3205470
7041263
3879165
1046229
4382224
2782684
535934
7873480
9850860
3830785
3174495
8042135
7747887
8207998
9347413
3615450
2213944
5284359
4580782
6030690
5724593
6744079
803470
9261261
2852537
4504360
4193399
1643934
2603258
9551796
877728
9007722
8615918
3100707
8271262
6683911
7395003
4493522
7991547
5044386
5634325
5428202
4627064
7495504
8193884
6640034
4064693
5341540
8752931
5469900
8543856
6025626
9231928
2859167
567982
9263608
1175981
8420044
8771247
5220398
127516
7193037
9843059
4758255
1073101
1529856
7718960
9937407
1095737
3896716
5050240
3303153
1948628
9101749
92445
3387991
6219380
7989740
1763512
6536478
2686126
4652276
5904673
8274881
9271871
8962831
452495
1553883
1354087
9211410
7050234
1253455
3038477
1885753
1874380
223802
4095151
8485516
1442254
9120215
3599718
1578233
6744551
1554598
6719990
3183630
5089666
5220012
5620995
9734372
6962824
5141207
1988340
6191432
431771
4963918
3335010
1932026
8142895
8025557
9983505
7474569
8749004
62550
4608647
1312110
2225849
6924208
2472947
2602749
5533267
2105027
2253555
8378825
4554232
2708268
4696461
3608284
328141
7451646
7569746
1850310
1941433
4264808
9634702
1527533
6738750
7058739
6004113
3780239
6991792
4425618
484702
8420963
4062992
6817075
3760836
3274396
9210089
1518314
6805333
2927312
9310319
6260556
7218233
7042284
5284727
6276401
8594476
7479586
7251184
6089852
4086687
1752330
9337177
5339097
421028
7195425
6579745
7855995
6384857
2700273
8900910
9378309
4658668
151592
2274351
2361877
516461
5653832
3926274
6009330
8854648
6262148
7804806
6864935
8997504
3902761
4203460
5073447
7315706
7302109
5962345
5002253
1713876
521935
5253918
6624794
1104515
3753166
3777709
7509660
1981863
6646096
3961279
10435
3813925
5095309
5244685
6269317
4139162
158428
2996034
5801790
2722569
8927952
5380888
8995661
4911574
5611143
7433946
1017158
6234232
876450
534547
6957478
380641
5424752
7876355
2069246
8864731
1624616
2785509
3534261
4020049
4453748
1851249
9178231
4463857
9611174
790603
7117894
8973727
4859915
9307164
610053
6846261
7937787
5487989
7896117
9516112
5900495
8607701
5031236
4554025
1858614
6702046
4392072
2465168
3716985
6592639
5515719
3084934
8856088
5879833
2284680
9211291
9501321
9992312
9295794
3594347
6754877
942076
4997439
2980338
519728
5765153
3218380
1814852
6585770
1546117
2818650
3966568
7390564
4773975
6049542
4736746
5983469
6935198
4903961
7051396
2740942
6624805
5264251
5453690
5787065
3987914
6412514
2966397
907986
3462736
7765069
8501733
7209215
83614
1240859
3964119
5704064
7052521
1092562
9006206
9449819
3963989
9344210
9327806
3431350
6567293
4121874
8999848
7952251
7898039
6472488
4381228
1309609
4167021
3984061
3386811
1634976
6147062
3298993
9052396
7272101
1669015
9007414
6201067
3378635
7978252
382452
8500008
5687991
4395973
5843120
5044020
1808462
8289969
5178555
8829046
4985729
7632806
2621300
7885001
3984147
5288679
7405002
5502052
7380305
7031642
8977535
1769602
7994041
2597011
9464469
695139
7948361
6775125
8096707
7404693
1647844
2674349
9342787
8552927
148624
8341354
5540060
7075226
8471707
9495824
4425017
4064122
7551150
8309462
4553058
5896823
5031924
1062505
6010021
2109576
7017379
5803078
7795756
8019427
4248166
6505075
5954463
8127209
6864030
8889604
994038
71139
7804472
8295203
8840133
793279
4647369
4536437
4879197
3867707
7025979
7393288
5333832
137048
3120388
8570981
7965019
9211926
5661636
8038204
4996947
1585974
9643989
499480
4205614
5468574
9897917
9324126
9702270
7581148
3874224
3010429
6383939
7524316
625809
2711471
2028470
3607751
901216
7521500
8200034
7728333
493113
8183436
6528027
4752902
2181359
5224650
5459707
458273
3596380
6886587
5602348
2233346
4582928
7742233
9508466
67450
8801542
4783368
5868140
6727994
8656255
2727719
4112199
6143033
8629595
96405
5362043
6805425
843112
7527735
355213
2241295
4403418
7138880
6705879
6254021
756001
8367922
2807892
5564849
4924125
502238
6442804
3702492
3886525
3433262
4210363
5408074
330062
6511942
6155005
1561132
2143047
5684246
5225227
7620822
4988873
3363909
6686492
9019213
9471378
5283456
431520
826768
3282793
7418764
2819925
5601503
7478218
2102840
1663731
7681645
9969598
757968
2094313
7616992
6455595
5940153
5043843
1067890
2436425
4295330
8100780
9725454
495607
5793753
8610985
796079
5610915
1489392
5556539
7802589
1488208
9828128
3322455
1119870
1553914
16588
1732548
7302029
5710878
4508259
1381486
3169952
4830233
2642079
6398259
3392607
8447467
4789085
2341279
9273888
1638723
3964576
347222
5291839
6614560
7217092
9241476
8052518
5380196
6713446
780240
7421653
6727209
4334205
4152368
169950
3851480
9840826
348112
4279995
5701888
1869891
4933792
4662969
3576183
778450
5493946
4251988
4973060
9865573
2759796
4887045
4917467
5918323
8885354
9976934
4190750
5096174
3016804
1289929
7565441
6628335
189794
9342486
9370025
4936780
552155
5460173
9751525
2928373
9221668
1694952
1779317
2168157
3931501
6196723
6114398
3329428
5577691
8434696
8083033
6123028
2357747
3707069
8526927
7277655
9277447
5808259
9294896
8045724
3210791
2465259
1390732
6147290
7638925
413837
5952005
7571047
7786512
6747430
7914784
9790795
4644219
4704366
9585592
2823858
7745074
5411304
6716755
8281534
388479
602536
6042989
8799125
5022755
4097462
8720539
2673760
9855568
4234619
4506320
7402859
3518153
3704001
2770671
4356625
2226811
3745107
7156949
7817581
1732760
3722553
4644130
9893393
4204551
5171688
8350749
7701647
1727545
7822409
8212267
7113978
3420185
8440208
8897747
4139984
1251311
6930893
9390364
8668396
896695
6681828
580728
8234470
2703248
1981895
3209617
1250656
4748595
7279658
8400903
8755424
4711228
4490844
1856073
2267080
827622
2319729
3204754
8371327
9539045
8163197
6843337
849994
9860357
9451262
5324673
632166
2279941
8854884
1620622
6807182
4774379
1553747
657062
7102421
5850378
3376942
1864977
9349445
6372437
5063423
4205027
1822983
9167196
9872921
9466315
7253075
289516
2329360
2528877
4626951
4572889
3796467
2786089
3490981
3255555
2949374
5776077
5742482
4567932
3877810
155278
305685
2086990
2678632
2003408
1586559
7215658
1891729
5774561
5199342
4543150
6208839
1357521
5686749
4204406
8525868
7189372
4380402
7208959
1883516
5346139
9263740
5483225
5197132
1334751
7833459
1903262
2244927
6910668
3165609
9631623
8275208
1779698
9368337
8762507
4200801
301973
6565535
9680445
7846072
3248003
5756353
1112381
6554084
5864609
8117820
9970133
7884704
752263
1376203
4515398
656516
3750813
2112811
814243
8505022
9750105
8668835
9970351
2026908
2314077
5579522
4230257
3816400
616362
140151
9139881
6917606
1473115
2255444
5806332
839965
5422238
4652308
7695362
8017636
8690596
5876238
4891815
5924167
7522249
9308870
1393643
7748691
5376995
8333721
7730952
5147986
4772002
8365988
8338118
5940123
4508437
7908745
5903394
4311433
5334642
2291258
26955
1061720
6038445
9006268
5491702
2286843
981051
3343855
3254227
648129
5286981
7603141
765252
8740797
6548648
8863984
4705069
7066333
906226
5964818
9851515
3535317
5795934
9836657
173878
9357710
3251029
6095399
8859888
478323
3274645
234251
734952
528742
1022988
3856137
5229847
2517164
9038676
2144254
8907883
2369542
3910630
4720730
694364
8955352
8018705
2753065
8885383
6646947
1614193
7731409
9181146
7821481
8713675
1883650
6229117
2348982
5121990
6378077
5218428
8130619
6485111
2974342
4089520
3550101
4396402
3843405
3968647
7452291
5187473
6137990
4968452
1421682
7731018
5340037
4882510
9935515
7127525
9255139
9318952
6929822
1956476
2111740
7147576
8740166
5417973
1931862
4864216
7842567
9401081
78529
6599640
4685275
4675383
7592340
3418342
4811289
7053269
1076532
571813
9848699
5709649
978199
5204267
6495991
5726526
6176523
9275372
838932
7362069
1891113
4189694
2971911
2193368
8660783
9738074
1508637
3971321
1142103
1799728
9984875
5233523
8896147
1069751
8990835
81432
1360427
515312
4015397
7332441
4561782
7881691
112487
4953061
3566902
3329441
9566659
7369811
7473469
2055404
7476548
8199216
230969
9808533
5609028
6053756
2591848
1738032
5802408
4438778
6907744
4594227
7693861
5084889
5710283
435815
9475936
9245951
7490758
9581263
5891960
3075447
3788734
8383635
1684204
871065
2618057
6719985
6417058
6102228
5933198
2987835
3996266
2217883
6833764
4417414
6562348
8438060
3615991
5071118
2800225
5384853
7734170
6848713
8408117
9485062
5890360
2892504
5618115
6712501
9516869
2141271
6651126
6223973
9073607
6471928
5993991
3726439
4103419
2356503
9861473
6597320
656095
618241
386913
6625208
5320444
5469882
2490234
8160237
4039248
6240983
4299360
6034460
5501050
7137579
7031266
8061258
4113811
6020460
7732932
5633732
9307898
7938509
1883128
4956393
3660390
2317283
1987030
2959360
6581217
9993437
662165
813367
7087449
2321684
802519
4196799
4579473
5388222
2985362
728852
1117676
7874540
8901220
9097928
107416
7666146
5071671
1860102
1691817
5136210
83409
293662
3715622
6804676
903072
8363368
2579795
2335895
5219309
7219452
1407636
7554884
1141730
7835005
3972101
2203399
7706909
8631039
4105273
797165
7517167
6167202
8670205
9366793
267269
9260075
1499560
7654756
4977457
1958781
9402871
1993640
2309778
5544011
4854295
6506977
2541037
8662506
3266013
1260057
1523697
2561887
2831121
3756970
6490783
2503896
8316909
1851059
6838611
9317462
5469475
234151
6319600
6872513
2949308
1627245
2445257
2333346
4081732
6449428
4666848
9365245
834142
8837038
4179540
8154608
9013316
1571670
7377488
5952087
2931290
810342
246339
3807558
2969487
2956788
8770941
7838472
3361025
8938594
7996067
519186
4924985
5336162
224196
514192
7769476
927852
7265768
75013
8509666
1359076
7253809
1207482
1230659
2805695
8657839
5077859
9202695
8084179
1424000
503849
7698312
9969347
2053348
4067307
6669842
7227896
8613135
6242733
4553980
8681571
6643172
9969408
2142862
503107
4438457
2971141
3893511
6852550
8809078
5668437
5866905
5219297
969012
8211846
6852308
5690071
8298151
3627267
6331336
9465766
6249298
7594831
8490400
1856996
6307829
7430218
1251326
662385
9611219
4504113
8541589
3144146
1335106
1881964
82008
6037780
1269541
6308143
7676631
9348344
9942325
4868391
9223949
8682707
4276103
8470456
9838634
4039516
9953279
8570031
4018137
8226762
550605
9878292
8679523
2207407
3017200
9815977
6130659
899501
410900
7580404
159660
3397568
1964498
9375950
991668
9762378
6793275
6791298
3968387
9877950
5926991
7810450
7580204
2235852
1183286
2497650
3581466
4621569
2806666
1133691
2035896
8696369
8170304
2293675
8492118
4447326
4350832
2991285
7330505
2880833
9493982
6175746
2435525
9530248
3827885
1314408
3546748
2111573
6468470
7942530
8272388
1674014
96699
6484441
7188758
2942679
1750226
4575507
3605346
232801
4724016
4926852
3388032
5729018
7557915
4515653
1172731
6376115
728000
6750345
1870642
9832067
7657915
3105678
4597373
3509398
2512498
8557070
6115939
9702158
4696552
3633154
3163850
4094879
6605321
2871949
5263953
914564
2790250
5388430
8955775
861237
1925234
3773951
18122
4387291
7677382
5942215
5905456
3447311
6476151
4259399
7041954
6471294
3190663
3451252
3091405
9894223
4603354
4627170
1162662
2379250
3326508
6216505
3964940
6081929
5245395
2747902
1071786
506907
3767876
946791
9095269
5200327
6976673
6464109
2152241
5601406
5359674
8221838
2493203
3651740
59477
5565339
9563224
9443887
4740879
3502212
606795
9400681
9210655
5792311
5778816
8739056
4105139
4699628
8677951
3718481
3336862
146198
9403109
1242290
2891646
2799636
1307229
7514489
103691
3414024
6274127
2805264
9100694
319702
2794767
9002201
3877802
4268373
9620754
9983943
6883403
3489225
8108466
317800
5317511
5559404
3351343
5128200
72635
7954037
7176277
6890249
9686111
7489411
1429651
3460197
8402268
4536458
3607624
4856211
8823533
244942
6733150
4549060
4304509
1122981
3919714
8619708
8635792
2358756
4790781
3802277
3380056
9105190
4877681
2775567
9947970
8583664
1361610
3119616
903448
7965527
4653206
47370
5615333
6382553
7942844
3693293
56082
9578028
8164484
9634714
898508
3273684
5985092
8088457
4971885
4585188
8181080
8421290
7282461
8217585
8844720
3200989
3135762
6815600
1560440
864371
2155355
8991663
317593
465000
7192493
8123056
4328522
2067988
8062196
4070894
9975472
4770271
5803829
5256289
225209
2536181
5609493
1917734
8465751
8950314
6834135
2409586
4805878
2409367
3520999
2781654
437210
6414592
3849975
7957966
1223697
7606009
7830924
8118462
8818883
523829
8686650
1546687
4412925
223403
9749826
561855
1806120
5645255
8664736
8183318
7551687
795543
8349742
3014395
3097341
1474992
6932286
9271663
8403424
562673
9888916
8872371
6676977
9177692
8363420
6630307
3419384
7776261
332834
6658784
9754502
5168935
1461587
4454590
4330256
3244783
1427103
1410954
1346448
5953775
8795911
5909340
5363227
6819835
3539013
2054003
9427720
5335208
4641553
5580666
9191470
8328754
408488
8688742
6580508
3519246
8700141
6368701
6256248
3579022
1935423
6232269
2633526
6168652
9043885
9569114
5197541
8491438
1179266
1171819
2911268
295294
5757056
9869814
1787304
2163111
857998
6327201
2402419
3031461
9141122
2780199
9980155
2718018
2807526
4464412
9408538
8783372
2804877
613899
1479504
8171995
1098803
5362780
7048530
45512
2478488
4561910
9562844
8220657
5808839
2510264
7371437
7242301
5970486
4621579
8818116
1852915
9803075
4986288
769493
3364011
8329258
6187885
4913762
9999359
5310447
7288772
2885350
9876724
8975730
1967004
7558299
2043953
558760
4871774
2271835
1411520
4341458
538127
5400935
9959105
9286858
5982425
4689565
8075976
376466
8368058
3782950
4068327
7561371
1020614
4117175
5881436
4183711
374088
4970290
9997329
2999669
9092128
6300884
7742432
2992161
5234203
5780986
7243558
1236977
7685735
7984579
9779976
1698040
5559666
9366767
5975787
3274422
5476958
3838532
248398
7283855
9773531
6316372
169562
5206131
146048
3544349
1305733
9567442
2079698
5218843
1990891
8747309
2794929
3495666
7060599
2938295
9260576
4358213
4459744
6971559
8057674
1138589
4853867
3006047
8207494
4306768
6856569
4714544
4321306
5102816
571335
5416068
6066466
5842214
79137
7212408
1608507
963834
2933993
1479666
5672982
8834826
7213713
3717199
5621065
728540
6175368
6721529
2552955
5533825
7953666
5067880
5202686
3951076
5290824
3964555
6183028
6027946
4180268
5494330
7052020
9762640
3131587
2152346
7431915
4563384
8014593
9293058
5901544
2038481
4016639
5752195
6145491
2872955
2956045
2437209
575219
4427221
4248545
7286470
7691849
703573
3342202
7669734
6347573
8032131
5944635
7307905
4948574
4324806
7296297
9177455
1849145
2160926
6932889
1964344
2692971
959488
3572791
9555056
4398003
7750079
6112220
8191104
4647036
798079
3268143
7441894
1084289
3821653
639788
524168
9532439
8541648
3233030
8950804
4194524
9645049
8583324
1545025
1406831
3264075
9203880
9806959
8634674
9153062
8264383
48023
1281287
8792257
3165758
7976113
5895734
9601080
3418772
7163707
1559723
6773816
1265266
8485435
3802865
3460189
1513356
876674
2194624
1135012
5711258
3126442
3798867
1099445
1083794
3644061
7619460
5727250
6532823
7778361
7835057
1939484
2795650
6150862
6496661
6618796
6808106
9201618
5077369
3449128
8081738
2630842
2111049
6709001
8034227
1324914
4582775
608572
8671426
9636902
9842135
3125550
677621
8285758
3860875
3277205
103029
662320
9564711
7210945
8625851
7783072
4807777
5281068
2398304
3594382
5055679
2812640
5256008
3661882
7884164
6974411
1478459
6624475
9526066
1061947
3141514
1073882
2606692
2531738
5613962
943810
6250715
8860038
9038239
1044031
7431638
4291231
2225858
5321526
5934118
3885063
722511
3822132
4931987
9097337
1694146
8491977
7929422
1092623
2497737
2009703
8803902
5779812
6479213
170607
718602
4402517
1742971
5126253
7685799
8658425
5825159
472891
8165352
2547915
9745936
7015421
7032998
9277010
8589289
528392
1968249
9908773
6244626
6290254
4363210
7447478
9329889
4162062
7470240
1559559
8595765
7878237
5072858
3123889
5684833
1657503
9521546
6732008
3295034
650504
5721522
2628601
8286441
1821973
7446587
6426870
9693127
2106000
9191543
6316988
7983397
7840495
3331528
9004300
3183326
6130182
1452099
9894171
8978433
5736533
5827578
2240740
7880434
3959184
2791825
8286652
640873
1649232
2456199
1560849
6867545
1654190
7331325
9223697
5216022
5592338
7005873
1936247
1456262
9627097
3386670
3497764
3428775
4877478
5026109
5288532
9587630
1057363
3827264
250236
5066714
9964540
9652877
6142240
7495180
6401287
9956206
8568163
7028347
9144508
2040681
5744115
8058114
618770
4638562
1179659
7035036
6165149
5530002
8898256
3891832
8228948
412704
2100088
7230555
6677549
344823
8362433
3154597
8854928
6142161
7708086
8230110
