2290610
1920966
1267108
589441
3136485
5054135
4459099
3414183
6510510
6847097
3664369
4632776
8163383
8046565
8996848
9423833
9460338
6257246
1851966
9972570
1956571
8608756
5604055
4105678
8598864
1082109
4773550
7636500
4158451
9267364
172056
1676741
8826700
3328808
2614968
8959926
1562811
2744604
459113
78893
9289170
380216
822345
146264
5683981
7221280
2250245
3831008
8702479
7860570
8720211
6000111
9428653
6989997
4154727
1702219
61644
733204
524154
2276790
5198581
5864567
5657038
9670441
5793726
9649771
3075707
3211115
7738648
3221424
1601500
8155738
8687473
9736288
7722865
3219830
5093660
2871091
6417786
1355974
2260580
1979906
3427844
9516306
148525
3092527
3083956
5662594
6618317
3171295
4404372
5432712
3400334
2110448
5075608
3597283
2312399
8961047
8370046
2614049
4847141
7055482
4364191
9485608
5226510
6004530
844943
3930035
9177131
6019260
4904490
3171680
94994
3398132
6835923
7944999
3803129
2201360
8990730
8478225
8903791
650859
3716732
92577
3711282
6342229
3362723
3829372
3127796
9288752
8147228
5321135
579044
8646018
3007894
3478842
5526359
7855610
5470764
1907482
6166430
4219507
3232028
9124120
8048766
5552036
2186943
6380609
1595836
6688076
4760992
3337576
7294082
8045815
817694
5053775
4809558
3096932
2387650
8208393
7924846
90163
1767792
8532457
8230441
9465566
4992655
4864555
7451655
3502394
8626660
1747284
7449960
435712
3644746
2132046
2885784
5784086
1766509
3555236
9629324
8337785
4925614
5488764
899539
4204808
62537
6759019
7223052
6698108
8626392
683611
8339135
2525022
2094159
1513668
8620773
718945
2527243
9916535
9202472
2699768
6281905
2521081
2351852
2585675
2098491
2313251
7524240
1883264
4072837
3157322
5608759
2590156
9651181
4578731
3003383
5845556
1508054
7734151
1018927
8006637
5716927
2176437
7663023
3515897
2289041
6465431
7831180
416322
5251333
6155688
7350514
3783512
9805317
6390634
4981633
8748943
2632254
5837418
1465393
4914957
6494058
5501878
3865295
9694506
2363585
2968979
7945557
8988263
6373066
6627510
8063445
9335580
6897251
8671547
8247073
8597611
621645
2244429
5763160
9860328
9050512
529060
8820627
748246
6679673
1322966
8154210
3038695
4122631
3505518
1417666
3339919
8493340
4552276
3699887
7778955
6004435
5027867
4451885
2928092
9256742
4850858
3852108
2529095
2326247
1534578
1596786
8555729
8281705
5935937
517529
4547249
6004093
1065414
1817611
5364434
473941
2907079
9380167
7137690
4421083
4055787
7116033
3422289
301817
5293599
6047412
2833639
2920281
2399472
408553
1746699
2114734
4821881
3910108
5205424
6287354
5056372
6164662
4854110
5201318
7277950
3593710
4482269
465742
7007371
698357
9334449
5073322
272228
3926369
2498286
6874024
7196253
7336732
926674
2119336
6457559
3461106
607991
3384641
249010
4081893
8362831
4993126
4808235
9763089
163931
9275057
6223793
7837560
8851520
8884595
936887
909316
8908776
6276919
2420115
9789287
1487702
8167098
1107753
9946885
8206507
4225710
1363835
1107289
9104293
8823014
3598968
8417314
5422078
7752854
9484823
6783480
6121988
8520194
5373170
9478228
2956212
9964184
1717101
8119379
9807308
1245125
1634842
4640061
451741
113130
8276655
1149112
5014839
8994307
784482
684224
9510185
4903944
1209994
9111848
7968187
5183606
7523783
4940548
892004
7249734
9956923
1980554
2925148
3155981
2422706
7775624
2621259
2062020
7133889
5009048
6676147
8451251
7128409
879975
3675147
5962991
8019659
1276901
9740989
5347216
577690
8740872
2011158
6688598
9812956
291823
9857486
6589688
3068706
8548864
7569378
8390045
9632104
5851734
2896547
199676
1854381
709994
584696
1043228
3439587
1573828
8691834
8779157
4039062
8121935
3053484
5740107
1599841
1765463
4438084
4832613
9991625
7421157
6521534
2762939
616492
8641852
6290742
279655
3232346
9519544
2494840
6031780
4745615
4288065
590532
9554818
807549
9922694
2722069
5767592
5644519
7217930
9740151
3473771
1535107
1558504
5357314
1027762
2990918
8900037
4176239
5390914
8185593
4143420
9584011
5147775
4095264
5201076
1108326
2081520
3657953
4475098
5665652
62261
5929393
1339361
2737470
9252304
515254
1464042
9586204
9980558
8707535
6646442
1520797
5617477
7865181
8203092
1452888
956418
6181123
7202305
7714192
73078
9501607
922490
4656270
518411
4146731
239716
4903886
3660543
2467700
1289574
8417351
717049
5316862
4105872
2528723
1731210
5757658
4185958
9798623
8696604
5666195
1524570
498372
2006640
4743331
7831416
2515830
1214036
4641284
1919704
9928808
1075335
8093600
6922490
8959422
3404412
9209616
640975
5744862
5274656
448538
2315181
8719461
7531659
9624292
9075258
1440678
1877432
5917031
2704914
1605027
4465408
2993520
9832190
3642429
3035947
4585644
4743285
5658887
9189197
9269469
5460063
4283651
8031727
6658196
8079935
990518
1772192
3108941
7478244
1182075
9037712
6589614
929226
8385277
6926099
4208721
4904875
3597853
1820124
2634311
9935202
7594839
8520838
8181307
7913715
7956590
5590555
5598443
5344690
3973736
247046
9812183
2771541
336606
5564467
4267048
8797161
3699129
9990399
627622
8787628
6548366
7690539
3971240
6401360
7195699
3422215
3102441
6649378
7675052
7485969
9067219
4192507
7584809
1812751
4550001
223274
8796722
3946056
9718043
6550211
5986852
138046
4762141
667890
1286576
5092097
8300740
706050
8327978
4178125
2804619
2535777
4546310
3879812
1005443
2081143
8937141
9493849
24044
6433630
1338589
1911243
5749937
5867798
4666686
921604
8285137
1765201
1978171
3676254
8402078
5729
9529451
8539536
4732591
6099018
6559234
5895476
5484241
3502083
3917644
4935925
6959665
4783035
1124979
4944735
3028057
1905914
4353491
9049810
5366034
5570931
3226577
311707
8054356
8671529
9418942
3855879
2700336
8229839
4672070
3568750
1272377
7131464
5021477
8730115
4308209
8366874
4431843
441565
7023937
2848691
7475320
2459642
6444538
8041898
2645781
8211533
9242394
228981
6012142
9549660
4158997
3126552
7468271
1910300
252876
448154
7282574
732320
4726874
8824656
90699
548347
2609414
9985308
3169667
8396831
7372551
286641
9697130
8965033
2846213
351930
9807642
9037056
5120914
4830787
9337350
1795763
14468
9968114
84079
7752306
12337
5926589
5742483
3522652
1182778
8560951
4100952
4338981
8629800
6800672
961912
2608259
698318
2946489
2079672
6575179
912068
3293242
1366234
8307676
9937600
605464
2017572
3927337
1564766
1423133
39506
5912430
9519786
4074360
38037
4097412
31573
5012121
1875052
9900404
6512151
4847165
4823744
5581088
1950631
2674202
6792625
4749141
5026437
219531
8782238
1721923
2296686
1493156
5410705
15642
9786492
305857
7665351
5623314
7997339
6791771
3236274
9693922
8741700
5321167
7248713
719621
5712199
3538689
3975384
5832346
2607385
5143459
374892
8809718
8676598
5143906
9921369
2925924
6332480
4158537
173455
5920715
5036949
9661557
7543575
2694474
9926418
4438182
5593510
6496552
8942680
1748655
9377970
8515752
3821322
9413817
3519042
8095584
4810107
1121080
9112043
5003365
7002229
8381673
7684658
2033276
4636460
4703158
5359903
1002470
4507204
9411781
8369067
220544
8017718
184749
1039485
3621966
4580874
4531945
8415944
4825252
4611731
3279873
9492339
6830118
4758998
6419177
516543
5323812
9188570
9623433
5527420
611203
468405
254908
7885731
7011805
122882
4947722
9423888
5714028
9345682
7886613
5472841
6106981
3208441
3947929
4593878
4618826
9409727
3987313
1671050
9204949
4012986
9075986
5084769
1507270
9467352
5515759
1123716
9037329
3641794
5394645
7391449
2741030
5687790
6453912
7673392
4234091
4741368
6578744
2152630
4637520
9151112
9534676
2759002
8106249
6849981
168251
5221253
7177159
5357177
5471663
8638928
342035
2789712
7257677
4327560
684694
8175884
8064094
7702511
5949148
695020
2949097
7094398
7497830
7526159
473779
8829747
7777589
9485767
9101055
8517878
2169621
2190214
3957436
9268730
2522095
9118004
173212
1192482
1846754
6601275
5386438
5822640
5230090
783728
6296704
9538251
3124105
3187137
3997417
2272853
4030553
6381204
5092699
78712
2896601
9908491
990967
912022
5051161
1040332
5216784
3421690
8512663
6000162
7832021
4820721
7305488
7262937
